<?xml version="1.0" encoding="UTF-8"?>
<testsuites name="Data driven" time="29.258" tests="1" failures="0" errors="0">
   <testsuite name="Data driven" tests="1" failures="0" errors="0" time="29.258" skipped="0" timestamp="08-07-2024T10:00:31" hostname="0725 - DESKTOP-09GUU8E.mshome.net" id="Test Suites/Data driven">
      <properties>
         <property name="deviceName" value=""/>
         <property name="devicePlatform"/>
         <property name="logFolder" value="C:\\Users\\0725\\git\\Sertificate-v2\\Reports\\20240708_100023\\Data driven\\20240708_100023"/>
         <property name="logFiles" value="C:\\Users\\0725\\git\\Sertificate-v2\\Reports\\20240708_100023\\Data driven\\20240708_100023\\execution0.log"/>
         <property name="attachments" value=""/>
         <property name="hostName" value="0725 - DESKTOP-09GUU8E.mshome.net"/>
         <property name="os" value="Windows 10 64bit"/>
         <property name="katalonVersion" value="9.6.0.217"/>
         <property name="browser" value="Chrome 126.0.0.0"/>
         <property name="hostAddress" value="192.168.137.1"/>
         <property name="sessionId" value="bf6082ba7f6f2c35c1d0d1eec256a1bd"/>
         <property name="seleniumVersion" value="3.141.59"/>
         <property name="proxyInformation" value="ProxyInformation { proxyOption=NO_PROXY, proxyServerType=HTTP, username=, password=********, proxyServerAddress=, proxyServerPort=0, executionList=&quot;&quot;, isApplyToDesiredCapabilities=true }"/>
         <property name="platform" value="Windows 10"/>
      </properties>
      <testcase name="Test Cases/Data driven/Logi" time="28.822" classname="Test Cases/Data driven/Logi" status="PASSED">
         <system-out><![CDATA[08-07-2024T10:00:31 - [TEST_CASE][PASSED] - Test Cases/Data driven/Logi: Test Cases/Data driven/Logi

08-07-2024T10:00:32 - [TEST_STEP][PASSED] - openBrowser(""): Browser is opened with url: ''

08-07-2024T10:00:33 - [MESSAGE][INFO] - Starting 'Chrome' driver

08-07-2024T10:00:33 - [MESSAGE][INFO] - Action delay is set to 0 milliseconds

08-07-2024T10:00:36 - [MESSAGE][PASSED] - Browser is opened with url: ''

08-07-2024T10:00:36 - [TEST_STEP][PASSED] - navigateToUrl("https://gpstqa-new.dipostar.org/dipo/"): Navigate to 'https://gpstqa-new.dipostar.org/dipo/' successfully

08-07-2024T10:00:41 - [MESSAGE][PASSED] - Navigate to 'https://gpstqa-new.dipostar.org/dipo/' successfully

08-07-2024T10:00:41 - [TEST_STEP][PASSED] - maximizeWindow(): Current window maximized

08-07-2024T10:00:43 - [MESSAGE][PASSED] - Current window maximized

08-07-2024T10:00:43 - [TEST_STEP][PASSED] - delay(5): Delayed 5 second(s)

08-07-2024T10:00:48 - [MESSAGE][PASSED] - Delayed 5 second(s)

08-07-2024T10:00:48 - [TEST_STEP][PASSED] - setText(findTestObject("Home page/username"), "aldo"): Text 'aldo' is set on object 'Object Repository/Home page/username'

08-07-2024T10:00:49 - [MESSAGE][PASSED] - Text 'aldo' is set on object 'Object Repository/Home page/username'

08-07-2024T10:00:49 - [TEST_STEP][PASSED] - delay(5): Delayed 5 second(s)

08-07-2024T10:00:54 - [MESSAGE][PASSED] - Delayed 5 second(s)

08-07-2024T10:00:54 - [TEST_STEP][PASSED] - setText(findTestObject("Home page/Passw"), "indocyber"): Text 'indocyber' is set on object 'Object Repository/Home page/Passw'

08-07-2024T10:00:55 - [MESSAGE][PASSED] - Text 'indocyber' is set on object 'Object Repository/Home page/Passw'

08-07-2024T10:00:55 - [TEST_STEP][PASSED] - delay(5): Delayed 5 second(s)

08-07-2024T10:01:00 - [MESSAGE][PASSED] - Delayed 5 second(s)

08-07-2024T10:01:00 - [TEST_STEP][PASSED] - click(findTestObject("Home page/Buton login")): Object: 'Object Repository/Home page/Buton login' is clicked on

08-07-2024T10:01:00 - [MESSAGE][PASSED] - Object: 'Object Repository/Home page/Buton login' is clicked on]]></system-out>
         <system-err><![CDATA[]]></system-err>
      </testcase>
      <system-out><![CDATA[08-07-2024T10:00:31 - [TEST_SUITE][PASSED] - Data driven: Test Cases/Data driven/Logi]]></system-out>
      <system-err><![CDATA[]]></system-err>
   </testsuite>
</testsuites>
