<?xml version="1.0" encoding="UTF-8"?>
<testsuites name="User prof" time="41.014" tests="2" failures="0" errors="0">
   <testsuite name="User prof" tests="2" failures="0" errors="0" time="41.014" skipped="0" timestamp="09-07-2024T14:20:09" hostname="0725 - DESKTOP-09GUU8E" id="Test Suites/User prof">
      <properties>
         <property name="deviceName" value=""/>
         <property name="devicePlatform"/>
         <property name="logFolder" value="C:\\Users\\0725\\git\\Sertificate-v2\\Reports\\20240709_141811\\User prof\\20240709_141827"/>
         <property name="logFiles" value="C:\\Users\\0725\\git\\Sertificate-v2\\Reports\\20240709_141811\\User prof\\20240709_141827\\execution0.log"/>
         <property name="attachments" value="keyes\keyes-login berhasil.png, keyes\keyes-menampilkan hal user management.png"/>
         <property name="hostName" value="0725 - DESKTOP-09GUU8E"/>
         <property name="os" value="Windows 10 64bit"/>
         <property name="katalonVersion" value="9.6.0.217"/>
         <property name="browser" value="Chrome 126.0.0.0"/>
         <property name="hostAddress" value="192.168.185.2"/>
         <property name="sessionId" value="90e0b0a9fd451f7957ac0509af887446"/>
         <property name="seleniumVersion" value="3.141.59"/>
         <property name="proxyInformation" value="ProxyInformation { proxyOption=NO_PROXY, proxyServerType=HTTP, username=, password=********, proxyServerAddress=, proxyServerPort=0, executionList=&quot;&quot;, isApplyToDesiredCapabilities=true }"/>
         <property name="platform" value="Windows 10"/>
      </properties>
      <testcase name="Test Cases/Login/Log" time="34.269" classname="Test Cases/Login/Log" status="PASSED">
         <system-out><![CDATA[09-07-2024T14:20:10 - [TEST_CASE][PASSED] - Test Cases/Login/Log: Test Cases/Login/Log

09-07-2024T14:20:10 - [TEST_STEP][PASSED] - url = "https://gpstqa-new.dipostar.org/dipo/": null

09-07-2024T14:20:10 - [TEST_STEP][PASSED] - openBrowser(url): Browser is opened with url: 'https://gpstqa-new.dipostar.org/dipo/'

09-07-2024T14:20:10 - [MESSAGE][INFO] - Starting 'Chrome' driver

09-07-2024T14:20:10 - [MESSAGE][INFO] - Action delay is set to 0 milliseconds

09-07-2024T14:20:20 - [MESSAGE][PASSED] - Browser is opened with url: 'https://gpstqa-new.dipostar.org/dipo/'

09-07-2024T14:20:20 - [TEST_STEP][PASSED] - maximizeWindow(): Current window maximized

09-07-2024T14:20:21 - [MESSAGE][PASSED] - Current window maximized

09-07-2024T14:20:21 - [TEST_STEP][PASSED] - delay(3): Delayed 3 second(s)

09-07-2024T14:20:24 - [MESSAGE][PASSED] - Delayed 3 second(s)

09-07-2024T14:20:24 - [TEST_STEP][PASSED] - username = "Home page/username": null

09-07-2024T14:20:24 - [TEST_STEP][PASSED] - setText(findTestObject(username), "aldo"): Text 'aldo' is set on object 'Object Repository/Home page/username'

09-07-2024T14:20:24 - [MESSAGE][PASSED] - Text 'aldo' is set on object 'Object Repository/Home page/username'

09-07-2024T14:20:24 - [TEST_STEP][PASSED] - delay(3): Delayed 3 second(s)

09-07-2024T14:20:27 - [MESSAGE][PASSED] - Delayed 3 second(s)

09-07-2024T14:20:27 - [TEST_STEP][PASSED] - password = "Home page/Passw": null

09-07-2024T14:20:27 - [TEST_STEP][PASSED] - setText(findTestObject(password), "indocyber"): Text 'indocyber' is set on object 'Object Repository/Home page/Passw'

09-07-2024T14:20:28 - [MESSAGE][PASSED] - Text 'indocyber' is set on object 'Object Repository/Home page/Passw'

09-07-2024T14:20:28 - [TEST_STEP][PASSED] - click(findTestObject("Home page/Buton login")): Object: 'Object Repository/Home page/Buton login' is clicked on

09-07-2024T14:20:28 - [MESSAGE][PASSED] - Object: 'Object Repository/Home page/Buton login' is clicked on

09-07-2024T14:20:28 - [TEST_STEP][PASSED] - takeScreenshotAsCheckpoint("login berhasil"): Taking screenshot successfully

09-07-2024T14:20:44 - [MESSAGE][INFO] - 0 hidden object(s)

09-07-2024T14:20:44 - [MESSAGE][PASSED] - Taking screenshot successfully
[[ATTACHMENT|keyes\keyes-login berhasil.png]]]]></system-out>
         <system-err><![CDATA[]]></system-err>
      </testcase>
      <testcase name="Test Cases/User profile/User manag" time="6.586" classname="Test Cases/User profile/User manag" status="PASSED">
         <system-out><![CDATA[09-07-2024T14:20:44 - [TEST_CASE][PASSED] - Test Cases/User profile/User manag: Test Cases/User profile/User manag

09-07-2024T14:20:44 - [TEST_STEP][PASSED] - click(findTestObject("usermanagement/User prof")): Object: 'Object Repository/usermanagement/User prof' is clicked on

09-07-2024T14:20:44 - [MESSAGE][PASSED] - Object: 'Object Repository/usermanagement/User prof' is clicked on

09-07-2024T14:20:44 - [TEST_STEP][PASSED] - click(findTestObject("usermanagement/User manag")): Object: 'Object Repository/usermanagement/User manag' is clicked on

09-07-2024T14:20:45 - [MESSAGE][PASSED] - Object: 'Object Repository/usermanagement/User manag' is clicked on

09-07-2024T14:20:45 - [TEST_STEP][PASSED] - setText(findTestObject("usermanagement/Text search"), "kevin"): Text 'kevin' is set on object 'Object Repository/usermanagement/Text search'

09-07-2024T14:20:48 - [MESSAGE][PASSED] - Text 'kevin' is set on object 'Object Repository/usermanagement/Text search'

09-07-2024T14:20:48 - [TEST_STEP][PASSED] - click(findTestObject("usermanagement/button search")): Object: 'Object Repository/usermanagement/button search' is clicked on

09-07-2024T14:20:48 - [MESSAGE][PASSED] - Object: 'Object Repository/usermanagement/button search' is clicked on

09-07-2024T14:20:48 - [TEST_STEP][PASSED] - takeScreenshotAsCheckpoint("menampilkan hal user management"): Taking screenshot successfully

09-07-2024T14:20:50 - [MESSAGE][INFO] - 0 hidden object(s)

09-07-2024T14:20:51 - [MESSAGE][PASSED] - Taking screenshot successfully
[[ATTACHMENT|keyes\keyes-menampilkan hal user management.png]]]]></system-out>
         <system-err><![CDATA[]]></system-err>
      </testcase>
      <system-out><![CDATA[09-07-2024T14:20:09 - [TEST_SUITE][PASSED] - User prof: Test Cases/User profile/User manag]]></system-out>
      <system-err><![CDATA[]]></system-err>
   </testsuite>
</testsuites>
