<?xml version="1.0" encoding="UTF-8"?>
<testsuites name="User prof change pass" time="45.317" tests="2" failures="0" errors="0">
   <testsuite name="User prof change pass" tests="2" failures="0" errors="0" time="45.317" skipped="0" timestamp="03-07-2024T14:10:42" hostname="0725 - DESKTOP-09GUU8E" id="Test Suites/User prof change pass">
      <properties>
         <property name="deviceName" value=""/>
         <property name="devicePlatform"/>
         <property name="logFolder" value="C:\\Users\\0725\\Katalon Studio\\Testdevqa\\Reports\\20240703_141038\\User prof change pass\\20240703_141038"/>
         <property name="logFiles" value="C:\\Users\\0725\\Katalon Studio\\Testdevqa\\Reports\\20240703_141038\\User prof change pass\\20240703_141038\\execution0.log"/>
         <property name="attachments" value="keyes\keyes-login berhasil.png, keyes\keyes-menampilkan pergantian pass.png, keyes\keyes-kembali ke halaman change pass.png"/>
         <property name="hostName" value="0725 - DESKTOP-09GUU8E"/>
         <property name="os" value="Windows 10 64bit"/>
         <property name="katalonVersion" value="9.6.0.217"/>
         <property name="browser" value="Chrome 126.0.0.0"/>
         <property name="hostAddress" value="192.168.10.92"/>
         <property name="sessionId" value="f6f752c876374ab5589f50471191dca9"/>
         <property name="seleniumVersion" value="3.141.59"/>
         <property name="proxyInformation" value="ProxyInformation { proxyOption=NO_PROXY, proxyServerType=HTTP, username=, password=********, proxyServerAddress=, proxyServerPort=0, executionList=&quot;&quot;, isApplyToDesiredCapabilities=true }"/>
         <property name="platform" value="Windows 10"/>
      </properties>
      <testcase name="Test Cases/Login/Log" time="36.453" classname="Test Cases/Login/Log" status="PASSED">
         <system-out><![CDATA[03-07-2024T14:10:42 - [TEST_CASE][PASSED] - Test Cases/Login/Log: Test Cases/Login/Log

03-07-2024T14:10:42 - [TEST_STEP][PASSED] - aurl = "https://gpstqa-new.dipostar.org/dipo/": null

03-07-2024T14:10:42 - [TEST_STEP][PASSED] - openBrowser(aurl): Browser is opened with url: 'https://gpstqa-new.dipostar.org/dipo/'

03-07-2024T14:10:42 - [MESSAGE][INFO] - Starting 'Chrome' driver

03-07-2024T14:10:42 - [MESSAGE][INFO] - Action delay is set to 0 milliseconds

03-07-2024T14:10:53 - [MESSAGE][PASSED] - Browser is opened with url: 'https://gpstqa-new.dipostar.org/dipo/'

03-07-2024T14:10:53 - [TEST_STEP][PASSED] - maximizeWindow(): Current window maximized

03-07-2024T14:10:53 - [MESSAGE][PASSED] - Current window maximized

03-07-2024T14:10:53 - [TEST_STEP][PASSED] - delay(3): Delayed 3 second(s)

03-07-2024T14:10:56 - [MESSAGE][PASSED] - Delayed 3 second(s)

03-07-2024T14:10:56 - [TEST_STEP][PASSED] - b = "Home page/username": null

03-07-2024T14:10:56 - [TEST_STEP][PASSED] - setText(findTestObject(b), "aldo"): Text 'aldo' is set on object 'Object Repository/Home page/username'

03-07-2024T14:10:57 - [MESSAGE][PASSED] - Text 'aldo' is set on object 'Object Repository/Home page/username'

03-07-2024T14:10:57 - [TEST_STEP][PASSED] - delay(3): Delayed 3 second(s)

03-07-2024T14:11:00 - [MESSAGE][PASSED] - Delayed 3 second(s)

03-07-2024T14:11:00 - [TEST_STEP][PASSED] - c = "Home page/Passw": null

03-07-2024T14:11:00 - [TEST_STEP][PASSED] - setEncryptedText(findTestObject(c), "TRrAuhBZTmGN3YbeoZ5Gng=="): Text ****** has been set on object 'Object Repository/Home page/Passw'

03-07-2024T14:11:00 - [MESSAGE][PASSED] - Text ****** has been set on object 'Object Repository/Home page/Passw'

03-07-2024T14:11:00 - [TEST_STEP][PASSED] - delay(3): Delayed 3 second(s)

03-07-2024T14:11:03 - [MESSAGE][PASSED] - Delayed 3 second(s)

03-07-2024T14:11:03 - [TEST_STEP][PASSED] - click(findTestObject("Home page/Buton login")): Object: 'Object Repository/Home page/Buton login' is clicked on

03-07-2024T14:11:03 - [MESSAGE][PASSED] - Object: 'Object Repository/Home page/Buton login' is clicked on

03-07-2024T14:11:03 - [TEST_STEP][PASSED] - takeScreenshotAsCheckpoint("login berhasil", STOP_ON_FAILURE): Taking screenshot successfully

03-07-2024T14:11:18 - [MESSAGE][INFO] - 0 hidden object(s)

03-07-2024T14:11:18 - [MESSAGE][PASSED] - Taking screenshot successfully
[[ATTACHMENT|keyes\keyes-login berhasil.png]]]]></system-out>
         <system-err><![CDATA[]]></system-err>
      </testcase>
      <testcase name="Test Cases/User profile/Change passw" time="8.704" classname="Test Cases/User profile/Change passw" status="PASSED">
         <system-out><![CDATA[03-07-2024T14:11:18 - [TEST_CASE][PASSED] - Test Cases/User profile/Change passw: Test Cases/User profile/Change passw

03-07-2024T14:11:18 - [TEST_STEP][PASSED] - click(findTestObject("Change pass/Button change password")): Object: 'Object Repository/Change pass/Button change password' is clicked on

03-07-2024T14:11:19 - [MESSAGE][PASSED] - Object: 'Object Repository/Change pass/Button change password' is clicked on

03-07-2024T14:11:19 - [TEST_STEP][PASSED] - takeScreenshotAsCheckpoint("menampilkan pergantian pass"): Taking screenshot successfully

03-07-2024T14:11:23 - [MESSAGE][INFO] - 0 hidden object(s)

03-07-2024T14:11:23 - [MESSAGE][PASSED] - Taking screenshot successfully
[[ATTACHMENT|keyes\keyes-menampilkan pergantian pass.png]]

03-07-2024T14:11:23 - [TEST_STEP][PASSED] - setText(findTestObject("Change pass/Text Old pass"), "indocyber"): Text 'indocyber' is set on object 'Object Repository/Change pass/Text Old pass'

03-07-2024T14:11:24 - [MESSAGE][PASSED] - Text 'indocyber' is set on object 'Object Repository/Change pass/Text Old pass'

03-07-2024T14:11:24 - [TEST_STEP][PASSED] - setText(findTestObject("Change pass/Text new pass"), "Indocyber"): Text 'Indocyber' is set on object 'Object Repository/Change pass/Text new pass'

03-07-2024T14:11:24 - [MESSAGE][PASSED] - Text 'Indocyber' is set on object 'Object Repository/Change pass/Text new pass'

03-07-2024T14:11:24 - [TEST_STEP][PASSED] - setText(findTestObject("Change pass/Text confirm new pass"), "Indocyber"): Text 'Indocyber' is set on object 'Object Repository/Change pass/Text confirm new pass'

03-07-2024T14:11:25 - [MESSAGE][PASSED] - Text 'Indocyber' is set on object 'Object Repository/Change pass/Text confirm new pass'

03-07-2024T14:11:25 - [TEST_STEP][PASSED] - click(findTestObject("Change pass/Button closed")): Object: 'Object Repository/Change pass/Button closed' is clicked on

03-07-2024T14:11:25 - [MESSAGE][PASSED] - Object: 'Object Repository/Change pass/Button closed' is clicked on

03-07-2024T14:11:25 - [TEST_STEP][PASSED] - takeScreenshotAsCheckpoint("kembali ke halaman change pass"): Taking screenshot successfully

03-07-2024T14:11:27 - [MESSAGE][INFO] - 0 hidden object(s)

03-07-2024T14:11:27 - [MESSAGE][PASSED] - Taking screenshot successfully
[[ATTACHMENT|keyes\keyes-kembali ke halaman change pass.png]]]]></system-out>
         <system-err><![CDATA[]]></system-err>
      </testcase>
      <system-out><![CDATA[03-07-2024T14:10:42 - [TEST_SUITE][PASSED] - User prof change pass: Test Cases/User profile/Change passw]]></system-out>
      <system-err><![CDATA[]]></system-err>
   </testsuite>
</testsuites>
