<?xml version="1.0" encoding="UTF-8"?>
<testsuites name="Taskk" time="38.42" tests="2" failures="0" errors="0">
   <testsuite name="Taskk" tests="2" failures="0" errors="0" time="38.42" skipped="0" timestamp="09-07-2024T09:49:18" hostname="0725 - DESKTOP-09GUU8E" id="Test Suites/Taskk">
      <properties>
         <property name="deviceName" value=""/>
         <property name="devicePlatform"/>
         <property name="logFolder" value="C:\\Users\\0725\\git\\Sertificate-v2\\Reports\\20240709_094909\\Taskk\\20240709_094910"/>
         <property name="logFiles" value="C:\\Users\\0725\\git\\Sertificate-v2\\Reports\\20240709_094909\\Taskk\\20240709_094910\\execution0.log"/>
         <property name="attachments" value="keyes\keyes-login berhasil.png, keyes\keyes-menampilkan halam.png"/>
         <property name="hostName" value="0725 - DESKTOP-09GUU8E"/>
         <property name="os" value="Windows 10 64bit"/>
         <property name="katalonVersion" value="9.6.0.217"/>
         <property name="browser" value="Chrome 126.0.0.0"/>
         <property name="hostAddress" value="192.168.10.113"/>
         <property name="sessionId" value="c98686c5b5715e743c57b512a7c6affe"/>
         <property name="seleniumVersion" value="3.141.59"/>
         <property name="proxyInformation" value="ProxyInformation { proxyOption=NO_PROXY, proxyServerType=HTTP, username=, password=********, proxyServerAddress=, proxyServerPort=0, executionList=&quot;&quot;, isApplyToDesiredCapabilities=true }"/>
         <property name="platform" value="Windows 10"/>
      </properties>
      <testcase name="Test Cases/Login/Log" time="32.335" classname="Test Cases/Login/Log" status="PASSED">
         <system-out><![CDATA[09-07-2024T09:49:18 - [TEST_CASE][PASSED] - Test Cases/Login/Log: Test Cases/Login/Log

09-07-2024T09:49:19 - [TEST_STEP][PASSED] - url = "https://gpstqa-new.dipostar.org/dipo/": null

09-07-2024T09:49:19 - [TEST_STEP][PASSED] - openBrowser(url): Browser is opened with url: 'https://gpstqa-new.dipostar.org/dipo/'

09-07-2024T09:49:20 - [MESSAGE][INFO] - Starting 'Chrome' driver

09-07-2024T09:49:20 - [MESSAGE][INFO] - Action delay is set to 0 milliseconds

09-07-2024T09:49:28 - [MESSAGE][PASSED] - Browser is opened with url: 'https://gpstqa-new.dipostar.org/dipo/'

09-07-2024T09:49:28 - [TEST_STEP][PASSED] - maximizeWindow(): Current window maximized

09-07-2024T09:49:28 - [MESSAGE][PASSED] - Current window maximized

09-07-2024T09:49:28 - [TEST_STEP][PASSED] - delay(3): Delayed 3 second(s)

09-07-2024T09:49:31 - [MESSAGE][PASSED] - Delayed 3 second(s)

09-07-2024T09:49:31 - [TEST_STEP][PASSED] - username = "Home page/username": null

09-07-2024T09:49:31 - [TEST_STEP][PASSED] - setText(findTestObject(username), "aldo"): Text 'aldo' is set on object 'Object Repository/Home page/username'

09-07-2024T09:49:31 - [MESSAGE][PASSED] - Text 'aldo' is set on object 'Object Repository/Home page/username'

09-07-2024T09:49:31 - [TEST_STEP][PASSED] - delay(3): Delayed 3 second(s)

09-07-2024T09:49:34 - [MESSAGE][PASSED] - Delayed 3 second(s)

09-07-2024T09:49:34 - [TEST_STEP][PASSED] - password = "Home page/Passw": null

09-07-2024T09:49:34 - [TEST_STEP][PASSED] - setText(findTestObject(password), "indocyber"): Text 'indocyber' is set on object 'Object Repository/Home page/Passw'

09-07-2024T09:49:35 - [MESSAGE][PASSED] - Text 'indocyber' is set on object 'Object Repository/Home page/Passw'

09-07-2024T09:49:35 - [TEST_STEP][PASSED] - click(findTestObject("Home page/Buton login")): Object: 'Object Repository/Home page/Buton login' is clicked on

09-07-2024T09:49:35 - [MESSAGE][PASSED] - Object: 'Object Repository/Home page/Buton login' is clicked on

09-07-2024T09:49:35 - [TEST_STEP][PASSED] - takeScreenshotAsCheckpoint("login berhasil"): Taking screenshot successfully

09-07-2024T09:49:51 - [MESSAGE][INFO] - 0 hidden object(s)

09-07-2024T09:49:51 - [MESSAGE][PASSED] - Taking screenshot successfully
[[ATTACHMENT|keyes\keyes-login berhasil.png]]]]></system-out>
         <system-err><![CDATA[]]></system-err>
      </testcase>
      <testcase name="Test Cases/Task/Upload excell" time="5.791" classname="Test Cases/Task/Upload excell" status="PASSED">
         <system-out><![CDATA[09-07-2024T09:49:51 - [TEST_CASE][PASSED] - Test Cases/Task/Upload excell: Test Cases/Task/Upload excell

09-07-2024T09:49:51 - [TEST_STEP][PASSED] - click(findTestObject("Menu/Taskk")): Object: 'Object Repository/Menu/Taskk' is clicked on

09-07-2024T09:49:51 - [MESSAGE][PASSED] - Object: 'Object Repository/Menu/Taskk' is clicked on

09-07-2024T09:49:51 - [TEST_STEP][PASSED] - click(findTestObject("Upload Excel/Button upload excel")): Object: 'Object Repository/Upload Excel/Button upload excel' is clicked on

09-07-2024T09:49:52 - [MESSAGE][PASSED] - Object: 'Object Repository/Upload Excel/Button upload excel' is clicked on

09-07-2024T09:49:52 - [TEST_STEP][PASSED] - takeScreenshotAsCheckpoint("menampilkan halam"): Taking screenshot successfully

09-07-2024T09:49:57 - [MESSAGE][INFO] - 0 hidden object(s)

09-07-2024T09:49:57 - [MESSAGE][PASSED] - Taking screenshot successfully
[[ATTACHMENT|keyes\keyes-menampilkan halam.png]]]]></system-out>
         <system-err><![CDATA[]]></system-err>
      </testcase>
      <system-out><![CDATA[09-07-2024T09:49:18 - [TEST_SUITE][PASSED] - Taskk: Test Cases/Task/Upload excell]]></system-out>
      <system-err><![CDATA[]]></system-err>
   </testsuite>
</testsuites>
