<?xml version="1.0" encoding="UTF-8"?>
<testsuites name="Master position" time="34.33" tests="2" failures="0" errors="0">
   <testsuite name="Master position" tests="2" failures="0" errors="0" time="34.33" skipped="0" timestamp="09-07-2024T09:46:55" hostname="0725 - DESKTOP-09GUU8E" id="Test Suites/Master position">
      <properties>
         <property name="deviceName" value=""/>
         <property name="devicePlatform"/>
         <property name="logFolder" value="C:\\Users\\0725\\git\\Sertificate-v2\\Reports\\20240709_094647\\Master position\\20240709_094648"/>
         <property name="logFiles" value="C:\\Users\\0725\\git\\Sertificate-v2\\Reports\\20240709_094647\\Master position\\20240709_094648\\execution0.log"/>
         <property name="attachments" value="keyes\keyes-login berhasil.png, keyes\keyes-Menampilkan halaman position.png, keyes\keyes-Menampilkan pencarian.png"/>
         <property name="hostName" value="0725 - DESKTOP-09GUU8E"/>
         <property name="os" value="Windows 10 64bit"/>
         <property name="katalonVersion" value="9.6.0.217"/>
         <property name="browser" value="Chrome 126.0.0.0"/>
         <property name="hostAddress" value="192.168.10.113"/>
         <property name="sessionId" value="668a2da14d58740f4487c060d7b46522"/>
         <property name="seleniumVersion" value="3.141.59"/>
         <property name="proxyInformation" value="ProxyInformation { proxyOption=NO_PROXY, proxyServerType=HTTP, username=, password=********, proxyServerAddress=, proxyServerPort=0, executionList=&quot;&quot;, isApplyToDesiredCapabilities=true }"/>
         <property name="platform" value="Windows 10"/>
      </properties>
      <testcase name="Test Cases/Login/Log" time="27.658" classname="Test Cases/Login/Log" status="PASSED">
         <system-out><![CDATA[09-07-2024T09:46:55 - [TEST_CASE][PASSED] - Test Cases/Login/Log: Test Cases/Login/Log

09-07-2024T09:46:55 - [TEST_STEP][PASSED] - url = "https://gpstqa-new.dipostar.org/dipo/": null

09-07-2024T09:46:55 - [TEST_STEP][PASSED] - openBrowser(url): Browser is opened with url: 'https://gpstqa-new.dipostar.org/dipo/'

09-07-2024T09:46:56 - [MESSAGE][INFO] - Starting 'Chrome' driver

09-07-2024T09:46:56 - [MESSAGE][INFO] - Action delay is set to 0 milliseconds

09-07-2024T09:47:05 - [MESSAGE][PASSED] - Browser is opened with url: 'https://gpstqa-new.dipostar.org/dipo/'

09-07-2024T09:47:05 - [TEST_STEP][PASSED] - maximizeWindow(): Current window maximized

09-07-2024T09:47:05 - [MESSAGE][PASSED] - Current window maximized

09-07-2024T09:47:05 - [TEST_STEP][PASSED] - delay(3): Delayed 3 second(s)

09-07-2024T09:47:08 - [MESSAGE][PASSED] - Delayed 3 second(s)

09-07-2024T09:47:08 - [TEST_STEP][PASSED] - username = "Home page/username": null

09-07-2024T09:47:08 - [TEST_STEP][PASSED] - setText(findTestObject(username), "aldo"): Text 'aldo' is set on object 'Object Repository/Home page/username'

09-07-2024T09:47:09 - [MESSAGE][PASSED] - Text 'aldo' is set on object 'Object Repository/Home page/username'

09-07-2024T09:47:09 - [TEST_STEP][PASSED] - delay(3): Delayed 3 second(s)

09-07-2024T09:47:12 - [MESSAGE][PASSED] - Delayed 3 second(s)

09-07-2024T09:47:12 - [TEST_STEP][PASSED] - password = "Home page/Passw": null

09-07-2024T09:47:12 - [TEST_STEP][PASSED] - setText(findTestObject(password), "indocyber"): Text 'indocyber' is set on object 'Object Repository/Home page/Passw'

09-07-2024T09:47:12 - [MESSAGE][PASSED] - Text 'indocyber' is set on object 'Object Repository/Home page/Passw'

09-07-2024T09:47:12 - [TEST_STEP][PASSED] - click(findTestObject("Home page/Buton login")): Object: 'Object Repository/Home page/Buton login' is clicked on

09-07-2024T09:47:13 - [MESSAGE][PASSED] - Object: 'Object Repository/Home page/Buton login' is clicked on

09-07-2024T09:47:13 - [TEST_STEP][PASSED] - takeScreenshotAsCheckpoint("login berhasil"): Taking screenshot successfully

09-07-2024T09:47:22 - [MESSAGE][INFO] - 0 hidden object(s)

09-07-2024T09:47:23 - [MESSAGE][PASSED] - Taking screenshot successfully
[[ATTACHMENT|keyes\keyes-login berhasil.png]]]]></system-out>
         <system-err><![CDATA[]]></system-err>
      </testcase>
      <testcase name="Test Cases/Master/Positionn" time="6.491" classname="Test Cases/Master/Positionn" status="PASSED">
         <system-out><![CDATA[09-07-2024T09:47:23 - [TEST_CASE][PASSED] - Test Cases/Master/Positionn: Test Cases/Master/Positionn

09-07-2024T09:47:23 - [TEST_STEP][PASSED] - click(findTestObject("Menu/Masterrr")): Object: 'Object Repository/Menu/Masterrr' is clicked on

09-07-2024T09:47:23 - [MESSAGE][PASSED] - Object: 'Object Repository/Menu/Masterrr' is clicked on

09-07-2024T09:47:23 - [TEST_STEP][PASSED] - click(findTestObject("Position/Positionn")): Object: 'Object Repository/Position/Positionn' is clicked on

09-07-2024T09:47:24 - [MESSAGE][PASSED] - Object: 'Object Repository/Position/Positionn' is clicked on

09-07-2024T09:47:24 - [TEST_STEP][PASSED] - takeScreenshotAsCheckpoint("Menampilkan halaman position"): Taking screenshot successfully

09-07-2024T09:47:26 - [MESSAGE][INFO] - 0 hidden object(s)

09-07-2024T09:47:26 - [MESSAGE][PASSED] - Taking screenshot successfully
[[ATTACHMENT|keyes\keyes-Menampilkan halaman position.png]]

09-07-2024T09:47:26 - [TEST_STEP][PASSED] - setText(findTestObject("Position/Text search"), "Field collector"): Text 'Field collector' is set on object 'Object Repository/Position/Text search'

09-07-2024T09:47:27 - [MESSAGE][PASSED] - Text 'Field collector' is set on object 'Object Repository/Position/Text search'

09-07-2024T09:47:27 - [TEST_STEP][PASSED] - click(findTestObject("Position/Button search")): Object: 'Object Repository/Position/Button search' is clicked on

09-07-2024T09:47:27 - [MESSAGE][PASSED] - Object: 'Object Repository/Position/Button search' is clicked on

09-07-2024T09:47:27 - [TEST_STEP][PASSED] - takeScreenshotAsCheckpoint("Menampilkan pencarian"): Taking screenshot successfully

09-07-2024T09:47:29 - [MESSAGE][INFO] - 0 hidden object(s)

09-07-2024T09:47:29 - [MESSAGE][PASSED] - Taking screenshot successfully
[[ATTACHMENT|keyes\keyes-Menampilkan pencarian.png]]]]></system-out>
         <system-err><![CDATA[]]></system-err>
      </testcase>
      <system-out><![CDATA[09-07-2024T09:46:55 - [TEST_SUITE][PASSED] - Master position: Test Cases/Master/Positionn]]></system-out>
      <system-err><![CDATA[]]></system-err>
   </testsuite>
</testsuites>
