<?xml version="1.0" encoding="UTF-8"?>
<testsuites name="User prof" time="41.338" tests="2" failures="0" errors="0">
   <testsuite name="User prof" tests="2" failures="0" errors="0" time="41.338" skipped="0" timestamp="03-07-2024T14:56:24" hostname="0725 - DESKTOP-09GUU8E" id="Test Suites/User prof">
      <properties>
         <property name="deviceName" value=""/>
         <property name="devicePlatform"/>
         <property name="logFolder" value="C:\\Users\\0725\\Katalon Studio\\Testdevqa\\Reports\\20240703_145614\\User prof\\20240703_145615"/>
         <property name="logFiles" value="C:\\Users\\0725\\Katalon Studio\\Testdevqa\\Reports\\20240703_145614\\User prof\\20240703_145615\\execution0.log"/>
         <property name="attachments" value="keyes\keyes-login berhasil.png, keyes\keyes-menampilkan hal user management.png"/>
         <property name="hostName" value="0725 - DESKTOP-09GUU8E"/>
         <property name="os" value="Windows 10 64bit"/>
         <property name="katalonVersion" value="9.6.0.217"/>
         <property name="browser" value="Chrome 126.0.0.0"/>
         <property name="hostAddress" value="192.168.10.92"/>
         <property name="sessionId" value="21b56870a168a33fc37e054594bf1dc9"/>
         <property name="seleniumVersion" value="3.141.59"/>
         <property name="proxyInformation" value="ProxyInformation { proxyOption=NO_PROXY, proxyServerType=HTTP, username=, password=********, proxyServerAddress=, proxyServerPort=0, executionList=&quot;&quot;, isApplyToDesiredCapabilities=true }"/>
         <property name="platform" value="Windows 10"/>
      </properties>
      <testcase name="Test Cases/Login/Log" time="34.545" classname="Test Cases/Login/Log" status="PASSED">
         <system-out><![CDATA[03-07-2024T14:56:24 - [TEST_CASE][PASSED] - Test Cases/Login/Log: Test Cases/Login/Log

03-07-2024T14:56:25 - [TEST_STEP][PASSED] - aurl = "https://gpstqa-new.dipostar.org/dipo/": null

03-07-2024T14:56:25 - [TEST_STEP][PASSED] - openBrowser(aurl): Browser is opened with url: 'https://gpstqa-new.dipostar.org/dipo/'

03-07-2024T14:56:25 - [MESSAGE][INFO] - Starting 'Chrome' driver

03-07-2024T14:56:25 - [MESSAGE][INFO] - Action delay is set to 0 milliseconds

03-07-2024T14:56:33 - [MESSAGE][PASSED] - Browser is opened with url: 'https://gpstqa-new.dipostar.org/dipo/'

03-07-2024T14:56:33 - [TEST_STEP][PASSED] - maximizeWindow(): Current window maximized

03-07-2024T14:56:34 - [MESSAGE][PASSED] - Current window maximized

03-07-2024T14:56:34 - [TEST_STEP][PASSED] - delay(3): Delayed 3 second(s)

03-07-2024T14:56:37 - [MESSAGE][PASSED] - Delayed 3 second(s)

03-07-2024T14:56:37 - [TEST_STEP][PASSED] - b = "Home page/username": null

03-07-2024T14:56:37 - [TEST_STEP][PASSED] - setText(findTestObject(b), "aldo"): Text 'aldo' is set on object 'Object Repository/Home page/username'

03-07-2024T14:56:37 - [MESSAGE][PASSED] - Text 'aldo' is set on object 'Object Repository/Home page/username'

03-07-2024T14:56:37 - [TEST_STEP][PASSED] - delay(3): Delayed 3 second(s)

03-07-2024T14:56:40 - [MESSAGE][PASSED] - Delayed 3 second(s)

03-07-2024T14:56:40 - [TEST_STEP][PASSED] - c = "Home page/Passw": null

03-07-2024T14:56:40 - [TEST_STEP][PASSED] - setEncryptedText(findTestObject(c), "TRrAuhBZTmGN3YbeoZ5Gng=="): Text ****** has been set on object 'Object Repository/Home page/Passw'

03-07-2024T14:56:41 - [MESSAGE][PASSED] - Text ****** has been set on object 'Object Repository/Home page/Passw'

03-07-2024T14:56:41 - [TEST_STEP][PASSED] - delay(3): Delayed 3 second(s)

03-07-2024T14:56:44 - [MESSAGE][PASSED] - Delayed 3 second(s)

03-07-2024T14:56:44 - [TEST_STEP][PASSED] - click(findTestObject("Home page/Buton login")): Object: 'Object Repository/Home page/Buton login' is clicked on

03-07-2024T14:56:44 - [MESSAGE][PASSED] - Object: 'Object Repository/Home page/Buton login' is clicked on

03-07-2024T14:56:44 - [TEST_STEP][PASSED] - takeScreenshotAsCheckpoint("login berhasil", STOP_ON_FAILURE): Taking screenshot successfully

03-07-2024T14:56:59 - [MESSAGE][INFO] - 0 hidden object(s)

03-07-2024T14:56:59 - [MESSAGE][PASSED] - Taking screenshot successfully
[[ATTACHMENT|keyes\keyes-login berhasil.png]]]]></system-out>
         <system-err><![CDATA[]]></system-err>
      </testcase>
      <testcase name="Test Cases/User profile/User manag" time="6.622" classname="Test Cases/User profile/User manag" status="PASSED">
         <system-out><![CDATA[03-07-2024T14:56:59 - [TEST_CASE][PASSED] - Test Cases/User profile/User manag: Test Cases/User profile/User manag

03-07-2024T14:56:59 - [TEST_STEP][PASSED] - click(findTestObject("usermanagement/User prof")): Object: 'Object Repository/usermanagement/User prof' is clicked on

03-07-2024T14:56:59 - [MESSAGE][PASSED] - Object: 'Object Repository/usermanagement/User prof' is clicked on

03-07-2024T14:56:59 - [TEST_STEP][PASSED] - click(findTestObject("usermanagement/User manag")): Object: 'Object Repository/usermanagement/User manag' is clicked on

03-07-2024T14:57:00 - [MESSAGE][PASSED] - Object: 'Object Repository/usermanagement/User manag' is clicked on

03-07-2024T14:57:00 - [TEST_STEP][PASSED] - setText(findTestObject("usermanagement/Text search"), "kevin"): Text 'kevin' is set on object 'Object Repository/usermanagement/Text search'

03-07-2024T14:57:03 - [MESSAGE][PASSED] - Text 'kevin' is set on object 'Object Repository/usermanagement/Text search'

03-07-2024T14:57:03 - [TEST_STEP][PASSED] - click(findTestObject("usermanagement/button search")): Object: 'Object Repository/usermanagement/button search' is clicked on

03-07-2024T14:57:03 - [MESSAGE][PASSED] - Object: 'Object Repository/usermanagement/button search' is clicked on

03-07-2024T14:57:03 - [TEST_STEP][PASSED] - takeScreenshotAsCheckpoint("menampilkan hal user management"): Taking screenshot successfully

03-07-2024T14:57:05 - [MESSAGE][INFO] - 0 hidden object(s)

03-07-2024T14:57:05 - [MESSAGE][PASSED] - Taking screenshot successfully
[[ATTACHMENT|keyes\keyes-menampilkan hal user management.png]]]]></system-out>
         <system-err><![CDATA[]]></system-err>
      </testcase>
      <system-out><![CDATA[03-07-2024T14:56:24 - [TEST_SUITE][PASSED] - User prof: Test Cases/User profile/User manag]]></system-out>
      <system-err><![CDATA[]]></system-err>
   </testsuite>
</testsuites>
