<?xml version="1.0" encoding="UTF-8"?>
<testsuites name="Field collector" time="36.276" tests="2" failures="0" errors="0">
   <testsuite name="Field collector" tests="2" failures="0" errors="0" time="36.276" skipped="0" timestamp="05-07-2024T15:15:48" hostname="0725 - DESKTOP-09GUU8E" id="Test Suites/Field collector">
      <properties>
         <property name="deviceName" value=""/>
         <property name="devicePlatform"/>
         <property name="logFolder" value="C:\\Users\\0725\\git\\Sertificate-v2\\Reports\\20240705_151532\\Field collector\\20240705_151544"/>
         <property name="logFiles" value="C:\\Users\\0725\\git\\Sertificate-v2\\Reports\\20240705_151532\\Field collector\\20240705_151544\\execution0.log"/>
         <property name="attachments" value="keyes\keyes-login berhasil.png, keyes\keyes-Menampilkan halaman.png"/>
         <property name="hostName" value="0725 - DESKTOP-09GUU8E"/>
         <property name="os" value="Windows 10 64bit"/>
         <property name="katalonVersion" value="9.6.0.217"/>
         <property name="browser" value="Chrome 126.0.0.0"/>
         <property name="hostAddress" value="192.168.10.92"/>
         <property name="sessionId" value="d13bc25832e39be13d7d15f83b4e7ea6"/>
         <property name="seleniumVersion" value="3.141.59"/>
         <property name="proxyInformation" value="ProxyInformation { proxyOption=NO_PROXY, proxyServerType=HTTP, username=, password=********, proxyServerAddress=, proxyServerPort=0, executionList=&quot;&quot;, isApplyToDesiredCapabilities=true }"/>
         <property name="platform" value="Windows 10"/>
      </properties>
      <testcase name="Test Cases/Login/Log" time="31.82" classname="Test Cases/Login/Log" status="PASSED">
         <system-out><![CDATA[05-07-2024T15:15:49 - [TEST_CASE][PASSED] - Test Cases/Login/Log: Test Cases/Login/Log

05-07-2024T15:15:49 - [TEST_STEP][PASSED] - url = "https://gpstqa-new.dipostar.org/dipo/": null

05-07-2024T15:15:49 - [TEST_STEP][PASSED] - openBrowser(url): Browser is opened with url: 'https://gpstqa-new.dipostar.org/dipo/'

05-07-2024T15:15:49 - [MESSAGE][INFO] - Starting 'Chrome' driver

05-07-2024T15:15:49 - [MESSAGE][INFO] - Action delay is set to 0 milliseconds

05-07-2024T15:16:07 - [MESSAGE][PASSED] - Browser is opened with url: 'https://gpstqa-new.dipostar.org/dipo/'

05-07-2024T15:16:07 - [TEST_STEP][PASSED] - maximizeWindow(): Current window maximized

05-07-2024T15:16:07 - [MESSAGE][PASSED] - Current window maximized

05-07-2024T15:16:07 - [TEST_STEP][PASSED] - delay(3): Delayed 3 second(s)

05-07-2024T15:16:10 - [MESSAGE][PASSED] - Delayed 3 second(s)

05-07-2024T15:16:10 - [TEST_STEP][PASSED] - username = "Home page/username": null

05-07-2024T15:16:10 - [TEST_STEP][PASSED] - setText(findTestObject(username), "aldo"): Text 'aldo' is set on object 'Object Repository/Home page/username'

05-07-2024T15:16:10 - [MESSAGE][PASSED] - Text 'aldo' is set on object 'Object Repository/Home page/username'

05-07-2024T15:16:10 - [TEST_STEP][PASSED] - delay(3): Delayed 3 second(s)

05-07-2024T15:16:13 - [MESSAGE][PASSED] - Delayed 3 second(s)

05-07-2024T15:16:13 - [TEST_STEP][PASSED] - password = "Home page/Passw": null

05-07-2024T15:16:13 - [TEST_STEP][PASSED] - setText(findTestObject(password), "indocyber"): Text 'indocyber' is set on object 'Object Repository/Home page/Passw'

05-07-2024T15:16:14 - [MESSAGE][PASSED] - Text 'indocyber' is set on object 'Object Repository/Home page/Passw'

05-07-2024T15:16:14 - [TEST_STEP][PASSED] - click(findTestObject("Home page/Buton login")): Object: 'Object Repository/Home page/Buton login' is clicked on

05-07-2024T15:16:14 - [MESSAGE][PASSED] - Object: 'Object Repository/Home page/Buton login' is clicked on

05-07-2024T15:16:14 - [TEST_STEP][PASSED] - takeScreenshotAsCheckpoint("login berhasil"): Taking screenshot successfully

05-07-2024T15:16:20 - [MESSAGE][INFO] - 0 hidden object(s)

05-07-2024T15:16:20 - [MESSAGE][PASSED] - Taking screenshot successfully
[[ATTACHMENT|keyes\keyes-login berhasil.png]]]]></system-out>
         <system-err><![CDATA[]]></system-err>
      </testcase>
      <testcase name="Test Cases/Monitoring field/Field colllectorr" time="4.201" classname="Test Cases/Monitoring field/Field colllectorr" status="PASSED">
         <system-out><![CDATA[05-07-2024T15:16:21 - [TEST_CASE][PASSED] - Test Cases/Monitoring field/Field colllectorr: Test Cases/Monitoring field/Field colllectorr

05-07-2024T15:16:21 - [TEST_STEP][PASSED] - click(findTestObject("Menu/Monitoring field collectorr")): Object: 'Object Repository/Menu/Monitoring field collectorr' is clicked on

05-07-2024T15:16:21 - [MESSAGE][PASSED] - Object: 'Object Repository/Menu/Monitoring field collectorr' is clicked on

05-07-2024T15:16:21 - [TEST_STEP][PASSED] - click(findTestObject("Monitoring field collector move/Button monitoring field")): Object: 'Object Repository/Monitoring field collector move/Button monitoring field' is clicked on

05-07-2024T15:16:21 - [MESSAGE][PASSED] - Object: 'Object Repository/Monitoring field collector move/Button monitoring field' is clicked on

05-07-2024T15:16:21 - [TEST_STEP][PASSED] - takeScreenshotAsCheckpoint("Menampilkan halaman"): Taking screenshot successfully

05-07-2024T15:16:24 - [MESSAGE][INFO] - 0 hidden object(s)

05-07-2024T15:16:25 - [MESSAGE][PASSED] - Taking screenshot successfully
[[ATTACHMENT|keyes\keyes-Menampilkan halaman.png]]]]></system-out>
         <system-err><![CDATA[]]></system-err>
      </testcase>
      <system-out><![CDATA[05-07-2024T15:15:48 - [TEST_SUITE][PASSED] - Field collector: Test Cases/Monitoring field/Field colllectorr]]></system-out>
      <system-err><![CDATA[]]></system-err>
   </testsuite>
</testsuites>
