<?xml version="1.0" encoding="UTF-8"?>
<testsuites name="Login logot no" time="35.058" tests="2" failures="0" errors="0">
   <testsuite name="Login logot no" tests="2" failures="0" errors="0" time="35.058" skipped="0" timestamp="10-07-2024T14:21:35" hostname="0725 - DESKTOP-09GUU8E" id="Test Suites/Login logot no">
      <properties>
         <property name="deviceName" value=""/>
         <property name="devicePlatform"/>
         <property name="logFolder" value="C:\\Users\\0725\\git\\Sertificate-v2\\Reports\\20240710_142116\\Login logot no\\20240710_142116"/>
         <property name="logFiles" value="C:\\Users\\0725\\git\\Sertificate-v2\\Reports\\20240710_142116\\Login logot no\\20240710_142116\\execution0.log"/>
         <property name="attachments" value="keyes\keyes-login berhasil.png, keyes\keyes-menampilkan warning alert.png"/>
         <property name="hostName" value="0725 - DESKTOP-09GUU8E"/>
         <property name="os" value="Windows 10 64bit"/>
         <property name="katalonVersion" value="9.6.0.217"/>
         <property name="browser" value="Chrome 126.0.0.0"/>
         <property name="hostAddress" value="192.168.185.2"/>
         <property name="sessionId" value="fe8929c629badd19a7bec7eebeeb2ff0"/>
         <property name="seleniumVersion" value="3.141.59"/>
         <property name="proxyInformation" value="ProxyInformation { proxyOption=NO_PROXY, proxyServerType=HTTP, username=, password=********, proxyServerAddress=, proxyServerPort=0, executionList=&quot;&quot;, isApplyToDesiredCapabilities=true }"/>
         <property name="platform" value="Windows 10"/>
      </properties>
      <testcase name="Test Cases/Login/Log" time="32.786" classname="Test Cases/Login/Log" status="PASSED">
         <system-out><![CDATA[10-07-2024T14:21:36 - [TEST_CASE][PASSED] - Test Cases/Login/Log: Test Cases/Login/Log

10-07-2024T14:21:36 - [TEST_STEP][PASSED] - url = "https://gpstqa-new.dipostar.org/dipo/": null

10-07-2024T14:21:36 - [TEST_STEP][PASSED] - openBrowser(url): Browser is opened with url: 'https://gpstqa-new.dipostar.org/dipo/'

10-07-2024T14:21:36 - [MESSAGE][INFO] - Starting 'Chrome' driver

10-07-2024T14:21:36 - [MESSAGE][INFO] - Action delay is set to 0 milliseconds

10-07-2024T14:21:45 - [MESSAGE][PASSED] - Browser is opened with url: 'https://gpstqa-new.dipostar.org/dipo/'

10-07-2024T14:21:45 - [TEST_STEP][PASSED] - maximizeWindow(): Current window maximized

10-07-2024T14:21:45 - [MESSAGE][PASSED] - Current window maximized

10-07-2024T14:21:45 - [TEST_STEP][PASSED] - delay(3): Delayed 3 second(s)

10-07-2024T14:21:48 - [MESSAGE][PASSED] - Delayed 3 second(s)

10-07-2024T14:21:48 - [TEST_STEP][PASSED] - username = "Home page/username": null

10-07-2024T14:21:48 - [TEST_STEP][PASSED] - setText(findTestObject(username), "aldo"): Text 'aldo' is set on object 'Object Repository/Home page/username'

10-07-2024T14:21:48 - [MESSAGE][PASSED] - Text 'aldo' is set on object 'Object Repository/Home page/username'

10-07-2024T14:21:48 - [TEST_STEP][PASSED] - delay(3): Delayed 3 second(s)

10-07-2024T14:21:51 - [MESSAGE][PASSED] - Delayed 3 second(s)

10-07-2024T14:21:51 - [TEST_STEP][PASSED] - password = "Home page/Passw": null

10-07-2024T14:21:51 - [TEST_STEP][PASSED] - setText(findTestObject(password), "indocyber"): Text 'indocyber' is set on object 'Object Repository/Home page/Passw'

10-07-2024T14:21:52 - [MESSAGE][PASSED] - Text 'indocyber' is set on object 'Object Repository/Home page/Passw'

10-07-2024T14:21:52 - [TEST_STEP][PASSED] - click(findTestObject("Home page/Buton login")): Object: 'Object Repository/Home page/Buton login' is clicked on

10-07-2024T14:21:52 - [MESSAGE][PASSED] - Object: 'Object Repository/Home page/Buton login' is clicked on

10-07-2024T14:21:52 - [TEST_STEP][PASSED] - takeScreenshotAsCheckpoint("login berhasil"): Taking screenshot successfully

10-07-2024T14:22:08 - [MESSAGE][INFO] - 0 hidden object(s)

10-07-2024T14:22:08 - [MESSAGE][PASSED] - Taking screenshot successfully
[[ATTACHMENT|keyes\keyes-login berhasil.png]]]]></system-out>
         <system-err><![CDATA[]]></system-err>
      </testcase>
      <testcase name="Test Cases/Login/logot no" time="2.089" classname="Test Cases/Login/logot no" status="PASSED">
         <system-out><![CDATA[10-07-2024T14:22:08 - [TEST_CASE][PASSED] - Test Cases/Login/logot no: Test Cases/Login/logot no

10-07-2024T14:22:09 - [TEST_STEP][PASSED] - click(findTestObject("Logout/logot")): Object: 'Object Repository/Logout/logot' is clicked on

10-07-2024T14:22:09 - [MESSAGE][PASSED] - Object: 'Object Repository/Logout/logot' is clicked on

10-07-2024T14:22:09 - [TEST_STEP][PASSED] - takeFullPageScreenshotAsCheckpoint("menampilkan warning alert"): Taking screenshot successfully

10-07-2024T14:22:09 - [MESSAGE][INFO] - 0 hidden object(s)

10-07-2024T14:22:09 - [MESSAGE][PASSED] - Taking screenshot successfully
[[ATTACHMENT|keyes\keyes-menampilkan warning alert.png]]

10-07-2024T14:22:09 - [TEST_STEP][PASSED] - click(findTestObject("Logout/buton no")): Object: 'Object Repository/Logout/buton no' is clicked on

10-07-2024T14:22:11 - [MESSAGE][PASSED] - Object: 'Object Repository/Logout/buton no' is clicked on]]></system-out>
         <system-err><![CDATA[]]></system-err>
      </testcase>
      <system-out><![CDATA[10-07-2024T14:21:35 - [TEST_SUITE][PASSED] - Login logot no: Test Cases/Login/logot no]]></system-out>
      <system-err><![CDATA[]]></system-err>
   </testsuite>
</testsuites>
