<?xml version="1.0" encoding="UTF-8"?>
<testsuites name="Master position" time="44.438" tests="2" failures="0" errors="0">
   <testsuite name="Master position" tests="2" failures="0" errors="0" time="44.438" skipped="0" timestamp="03-07-2024T14:22:29" hostname="0725 - DESKTOP-09GUU8E" id="Test Suites/Master position">
      <properties>
         <property name="deviceName" value=""/>
         <property name="devicePlatform"/>
         <property name="logFolder" value="C:\\Users\\0725\\Katalon Studio\\Testdevqa\\Reports\\20240703_142224\\Master position\\20240703_142225"/>
         <property name="logFiles" value="C:\\Users\\0725\\Katalon Studio\\Testdevqa\\Reports\\20240703_142224\\Master position\\20240703_142225\\execution0.log"/>
         <property name="attachments" value="keyes\keyes-login berhasil.png, keyes\keyes-Menampilkan halaman position.png, keyes\keyes-Menampilkan pencarian.png"/>
         <property name="hostName" value="0725 - DESKTOP-09GUU8E"/>
         <property name="os" value="Windows 10 64bit"/>
         <property name="katalonVersion" value="9.6.0.217"/>
         <property name="browser" value="Chrome 126.0.0.0"/>
         <property name="hostAddress" value="192.168.10.92"/>
         <property name="sessionId" value="ec028d31456c783cd84597efcf5f0822"/>
         <property name="seleniumVersion" value="3.141.59"/>
         <property name="proxyInformation" value="ProxyInformation { proxyOption=NO_PROXY, proxyServerType=HTTP, username=, password=********, proxyServerAddress=, proxyServerPort=0, executionList=&quot;&quot;, isApplyToDesiredCapabilities=true }"/>
         <property name="platform" value="Windows 10"/>
      </properties>
      <testcase name="Test Cases/Login/Log" time="33.663" classname="Test Cases/Login/Log" status="PASSED">
         <system-out><![CDATA[03-07-2024T14:22:29 - [TEST_CASE][PASSED] - Test Cases/Login/Log: Test Cases/Login/Log

03-07-2024T14:22:30 - [TEST_STEP][PASSED] - aurl = "https://gpstqa-new.dipostar.org/dipo/": null

03-07-2024T14:22:30 - [TEST_STEP][PASSED] - openBrowser(aurl): Browser is opened with url: 'https://gpstqa-new.dipostar.org/dipo/'

03-07-2024T14:22:30 - [MESSAGE][INFO] - Starting 'Chrome' driver

03-07-2024T14:22:30 - [MESSAGE][INFO] - Action delay is set to 0 milliseconds

03-07-2024T14:22:38 - [MESSAGE][PASSED] - Browser is opened with url: 'https://gpstqa-new.dipostar.org/dipo/'

03-07-2024T14:22:38 - [TEST_STEP][PASSED] - maximizeWindow(): Current window maximized

03-07-2024T14:22:38 - [MESSAGE][PASSED] - Current window maximized

03-07-2024T14:22:38 - [TEST_STEP][PASSED] - delay(3): Delayed 3 second(s)

03-07-2024T14:22:41 - [MESSAGE][PASSED] - Delayed 3 second(s)

03-07-2024T14:22:41 - [TEST_STEP][PASSED] - b = "Home page/username": null

03-07-2024T14:22:41 - [TEST_STEP][PASSED] - setText(findTestObject(b), "aldo"): Text 'aldo' is set on object 'Object Repository/Home page/username'

03-07-2024T14:22:41 - [MESSAGE][PASSED] - Text 'aldo' is set on object 'Object Repository/Home page/username'

03-07-2024T14:22:41 - [TEST_STEP][PASSED] - delay(3): Delayed 3 second(s)

03-07-2024T14:22:44 - [MESSAGE][PASSED] - Delayed 3 second(s)

03-07-2024T14:22:44 - [TEST_STEP][PASSED] - c = "Home page/Passw": null

03-07-2024T14:22:44 - [TEST_STEP][PASSED] - setEncryptedText(findTestObject(c), "TRrAuhBZTmGN3YbeoZ5Gng=="): Text ****** has been set on object 'Object Repository/Home page/Passw'

03-07-2024T14:22:45 - [MESSAGE][PASSED] - Text ****** has been set on object 'Object Repository/Home page/Passw'

03-07-2024T14:22:45 - [TEST_STEP][PASSED] - delay(3): Delayed 3 second(s)

03-07-2024T14:22:48 - [MESSAGE][PASSED] - Delayed 3 second(s)

03-07-2024T14:22:48 - [TEST_STEP][PASSED] - click(findTestObject("Home page/Buton login")): Object: 'Object Repository/Home page/Buton login' is clicked on

03-07-2024T14:22:48 - [MESSAGE][PASSED] - Object: 'Object Repository/Home page/Buton login' is clicked on

03-07-2024T14:22:48 - [TEST_STEP][PASSED] - takeScreenshotAsCheckpoint("login berhasil", STOP_ON_FAILURE): Taking screenshot successfully

03-07-2024T14:23:03 - [MESSAGE][INFO] - 0 hidden object(s)

03-07-2024T14:23:03 - [MESSAGE][PASSED] - Taking screenshot successfully
[[ATTACHMENT|keyes\keyes-login berhasil.png]]]]></system-out>
         <system-err><![CDATA[]]></system-err>
      </testcase>
      <testcase name="Test Cases/Master/Positionn" time="10.61" classname="Test Cases/Master/Positionn" status="PASSED">
         <system-out><![CDATA[03-07-2024T14:23:03 - [TEST_CASE][PASSED] - Test Cases/Master/Positionn: Test Cases/Master/Positionn

03-07-2024T14:23:03 - [TEST_STEP][PASSED] - click(findTestObject("Menu/Masterrr")): Object: 'Object Repository/Menu/Masterrr' is clicked on

03-07-2024T14:23:03 - [MESSAGE][PASSED] - Object: 'Object Repository/Menu/Masterrr' is clicked on

03-07-2024T14:23:03 - [TEST_STEP][PASSED] - click(findTestObject("Position/Positionn")): Object: 'Object Repository/Position/Positionn' is clicked on

03-07-2024T14:23:04 - [MESSAGE][PASSED] - Object: 'Object Repository/Position/Positionn' is clicked on

03-07-2024T14:23:04 - [TEST_STEP][PASSED] - takeScreenshotAsCheckpoint("Menampilkan halaman position"): Taking screenshot successfully

03-07-2024T14:23:11 - [MESSAGE][INFO] - 0 hidden object(s)

03-07-2024T14:23:11 - [MESSAGE][PASSED] - Taking screenshot successfully
[[ATTACHMENT|keyes\keyes-Menampilkan halaman position.png]]

03-07-2024T14:23:11 - [TEST_STEP][PASSED] - setText(findTestObject("Position/Text search"), "Field collector"): Text 'Field collector' is set on object 'Object Repository/Position/Text search'

03-07-2024T14:23:11 - [MESSAGE][PASSED] - Text 'Field collector' is set on object 'Object Repository/Position/Text search'

03-07-2024T14:23:11 - [TEST_STEP][PASSED] - click(findTestObject("Position/Button search")): Object: 'Object Repository/Position/Button search' is clicked on

03-07-2024T14:23:12 - [MESSAGE][PASSED] - Object: 'Object Repository/Position/Button search' is clicked on

03-07-2024T14:23:12 - [TEST_STEP][PASSED] - takeScreenshotAsCheckpoint("Menampilkan pencarian"): Taking screenshot successfully

03-07-2024T14:23:14 - [MESSAGE][INFO] - 0 hidden object(s)

03-07-2024T14:23:14 - [MESSAGE][PASSED] - Taking screenshot successfully
[[ATTACHMENT|keyes\keyes-Menampilkan pencarian.png]]]]></system-out>
         <system-err><![CDATA[]]></system-err>
      </testcase>
      <system-out><![CDATA[03-07-2024T14:22:29 - [TEST_SUITE][PASSED] - Master position: Test Cases/Master/Positionn]]></system-out>
      <system-err><![CDATA[]]></system-err>
   </testsuite>
</testsuites>
