<?xml version="1.0" encoding="UTF-8"?>
<testsuites name="Master position" time="46.081" tests="2" failures="0" errors="0">
   <testsuite name="Master position" tests="2" failures="0" errors="0" time="46.081" skipped="0" timestamp="08-07-2024T09:18:18" hostname="0725 - DESKTOP-09GUU8E.mshome.net" id="Test Suites/Master position">
      <properties>
         <property name="deviceName" value=""/>
         <property name="devicePlatform"/>
         <property name="logFolder" value="C:\\Users\\0725\\git\\Sertificate-v2\\Reports\\20240708_091717\\Master position\\20240708_091720"/>
         <property name="logFiles" value="C:\\Users\\0725\\git\\Sertificate-v2\\Reports\\20240708_091717\\Master position\\20240708_091720\\execution0.log"/>
         <property name="attachments" value="keyes\keyes-login berhasil.png, keyes\keyes-Menampilkan halaman position.png, keyes\keyes-Menampilkan pencarian.png"/>
         <property name="hostName" value="0725 - DESKTOP-09GUU8E.mshome.net"/>
         <property name="os" value="Windows 10 64bit"/>
         <property name="katalonVersion" value="9.6.0.217"/>
         <property name="browser" value="Chrome 126.0.0.0"/>
         <property name="hostAddress" value="192.168.137.1"/>
         <property name="sessionId" value="bae3750de28d59f488232bb939e4358c"/>
         <property name="seleniumVersion" value="3.141.59"/>
         <property name="proxyInformation" value="ProxyInformation { proxyOption=NO_PROXY, proxyServerType=HTTP, username=, password=********, proxyServerAddress=, proxyServerPort=0, executionList=&quot;&quot;, isApplyToDesiredCapabilities=true }"/>
         <property name="platform" value="Windows 10"/>
      </properties>
      <testcase name="Test Cases/Login/Log" time="35.324" classname="Test Cases/Login/Log" status="PASSED">
         <system-out><![CDATA[08-07-2024T09:18:18 - [TEST_CASE][PASSED] - Test Cases/Login/Log: Test Cases/Login/Log

08-07-2024T09:18:18 - [TEST_STEP][PASSED] - url = "https://gpstqa-new.dipostar.org/dipo/": null

08-07-2024T09:18:18 - [TEST_STEP][PASSED] - openBrowser(url): Browser is opened with url: 'https://gpstqa-new.dipostar.org/dipo/'

08-07-2024T09:18:18 - [MESSAGE][INFO] - Starting 'Chrome' driver

08-07-2024T09:18:18 - [MESSAGE][INFO] - Action delay is set to 0 milliseconds

08-07-2024T09:18:28 - [MESSAGE][PASSED] - Browser is opened with url: 'https://gpstqa-new.dipostar.org/dipo/'

08-07-2024T09:18:28 - [TEST_STEP][PASSED] - maximizeWindow(): Current window maximized

08-07-2024T09:18:28 - [MESSAGE][PASSED] - Current window maximized

08-07-2024T09:18:28 - [TEST_STEP][PASSED] - delay(3): Delayed 3 second(s)

08-07-2024T09:18:31 - [MESSAGE][PASSED] - Delayed 3 second(s)

08-07-2024T09:18:31 - [TEST_STEP][PASSED] - username = "Home page/username": null

08-07-2024T09:18:31 - [TEST_STEP][PASSED] - setText(findTestObject(username), "aldo"): Text 'aldo' is set on object 'Object Repository/Home page/username'

08-07-2024T09:18:32 - [MESSAGE][PASSED] - Text 'aldo' is set on object 'Object Repository/Home page/username'

08-07-2024T09:18:32 - [TEST_STEP][PASSED] - delay(3): Delayed 3 second(s)

08-07-2024T09:18:35 - [MESSAGE][PASSED] - Delayed 3 second(s)

08-07-2024T09:18:35 - [TEST_STEP][PASSED] - password = "Home page/Passw": null

08-07-2024T09:18:35 - [TEST_STEP][PASSED] - setText(findTestObject(password), "indocyber"): Text 'indocyber' is set on object 'Object Repository/Home page/Passw'

08-07-2024T09:18:36 - [MESSAGE][PASSED] - Text 'indocyber' is set on object 'Object Repository/Home page/Passw'

08-07-2024T09:18:36 - [TEST_STEP][PASSED] - click(findTestObject("Home page/Buton login")): Object: 'Object Repository/Home page/Buton login' is clicked on

08-07-2024T09:18:36 - [MESSAGE][PASSED] - Object: 'Object Repository/Home page/Buton login' is clicked on

08-07-2024T09:18:36 - [TEST_STEP][PASSED] - takeScreenshotAsCheckpoint("login berhasil"): Taking screenshot successfully

08-07-2024T09:18:53 - [MESSAGE][INFO] - 0 hidden object(s)

08-07-2024T09:18:53 - [MESSAGE][PASSED] - Taking screenshot successfully
[[ATTACHMENT|keyes\keyes-login berhasil.png]]]]></system-out>
         <system-err><![CDATA[]]></system-err>
      </testcase>
      <testcase name="Test Cases/Master/Positionn" time="10.597" classname="Test Cases/Master/Positionn" status="PASSED">
         <system-out><![CDATA[08-07-2024T09:18:53 - [TEST_CASE][PASSED] - Test Cases/Master/Positionn: Test Cases/Master/Positionn

08-07-2024T09:18:53 - [TEST_STEP][PASSED] - click(findTestObject("Menu/Masterrr")): Object: 'Object Repository/Menu/Masterrr' is clicked on

08-07-2024T09:18:54 - [MESSAGE][PASSED] - Object: 'Object Repository/Menu/Masterrr' is clicked on

08-07-2024T09:18:54 - [TEST_STEP][PASSED] - click(findTestObject("Position/Positionn")): Object: 'Object Repository/Position/Positionn' is clicked on

08-07-2024T09:18:54 - [MESSAGE][PASSED] - Object: 'Object Repository/Position/Positionn' is clicked on

08-07-2024T09:18:54 - [TEST_STEP][PASSED] - takeScreenshotAsCheckpoint("Menampilkan halaman position"): Taking screenshot successfully

08-07-2024T09:19:01 - [MESSAGE][INFO] - 0 hidden object(s)

08-07-2024T09:19:01 - [MESSAGE][PASSED] - Taking screenshot successfully
[[ATTACHMENT|keyes\keyes-Menampilkan halaman position.png]]

08-07-2024T09:19:01 - [TEST_STEP][PASSED] - setText(findTestObject("Position/Text search"), "Field collector"): Text 'Field collector' is set on object 'Object Repository/Position/Text search'

08-07-2024T09:19:02 - [MESSAGE][PASSED] - Text 'Field collector' is set on object 'Object Repository/Position/Text search'

08-07-2024T09:19:02 - [TEST_STEP][PASSED] - click(findTestObject("Position/Button search")): Object: 'Object Repository/Position/Button search' is clicked on

08-07-2024T09:19:02 - [MESSAGE][PASSED] - Object: 'Object Repository/Position/Button search' is clicked on

08-07-2024T09:19:02 - [TEST_STEP][PASSED] - takeScreenshotAsCheckpoint("Menampilkan pencarian"): Taking screenshot successfully

08-07-2024T09:19:04 - [MESSAGE][INFO] - 0 hidden object(s)

08-07-2024T09:19:04 - [MESSAGE][PASSED] - Taking screenshot successfully
[[ATTACHMENT|keyes\keyes-Menampilkan pencarian.png]]]]></system-out>
         <system-err><![CDATA[]]></system-err>
      </testcase>
      <system-out><![CDATA[08-07-2024T09:18:18 - [TEST_SUITE][PASSED] - Master position: Test Cases/Master/Positionn]]></system-out>
      <system-err><![CDATA[]]></system-err>
   </testsuite>
</testsuites>
