<?xml version="1.0" encoding="UTF-8"?>
<testsuites name="login logout yes" time="55.823" tests="2" failures="0" errors="0">
   <testsuite name="login logout yes" tests="2" failures="0" errors="0" time="55.823" skipped="0" timestamp="03-07-2024T11:49:53" hostname="0725 - DESKTOP-09GUU8E" id="Test Suites/login logout yes">
      <properties>
         <property name="deviceName" value=""/>
         <property name="devicePlatform"/>
         <property name="logFolder" value="C:\\Users\\0725\\Katalon Studio\\Testdevqa\\Reports\\20240703_114944\\login logout yes\\20240703_114945"/>
         <property name="logFiles" value="C:\\Users\\0725\\Katalon Studio\\Testdevqa\\Reports\\20240703_114944\\login logout yes\\20240703_114945\\execution0.log"/>
         <property name="attachments" value="keyes\keyes-login berhasil.png, keyes\keyes-menampilkan warning alert.png, keyes\keyes-kembali ke halaman login.png"/>
         <property name="hostName" value="0725 - DESKTOP-09GUU8E"/>
         <property name="os" value="Windows 10 64bit"/>
         <property name="katalonVersion" value="9.6.0.217"/>
         <property name="browser" value="Chrome 126.0.0.0"/>
         <property name="hostAddress" value="192.168.10.92"/>
         <property name="sessionId" value="e1ce5666ac677bea69ae484e8a10e5c8"/>
         <property name="seleniumVersion" value="3.141.59"/>
         <property name="proxyInformation" value="ProxyInformation { proxyOption=NO_PROXY, proxyServerType=HTTP, username=, password=********, proxyServerAddress=, proxyServerPort=0, executionList=&quot;&quot;, isApplyToDesiredCapabilities=true }"/>
         <property name="platform" value="Windows 10"/>
      </properties>
      <testcase name="Test Cases/Login/Log" time="38.63" classname="Test Cases/Login/Log" status="PASSED">
         <system-out><![CDATA[03-07-2024T11:49:53 - [TEST_CASE][PASSED] - Test Cases/Login/Log: Test Cases/Login/Log

03-07-2024T11:49:54 - [TEST_STEP][PASSED] - aurl = "https://gpstqa-new.dipostar.org/dipo/": null

03-07-2024T11:49:54 - [TEST_STEP][PASSED] - openBrowser(aurl): Browser is opened with url: 'https://gpstqa-new.dipostar.org/dipo/'

03-07-2024T11:49:54 - [MESSAGE][INFO] - Starting 'Chrome' driver

03-07-2024T11:49:54 - [MESSAGE][INFO] - Action delay is set to 0 milliseconds

03-07-2024T11:50:04 - [MESSAGE][PASSED] - Browser is opened with url: 'https://gpstqa-new.dipostar.org/dipo/'

03-07-2024T11:50:04 - [TEST_STEP][PASSED] - maximizeWindow(): Current window maximized

03-07-2024T11:50:04 - [MESSAGE][PASSED] - Current window maximized

03-07-2024T11:50:04 - [TEST_STEP][PASSED] - delay(3): Delayed 3 second(s)

03-07-2024T11:50:07 - [MESSAGE][PASSED] - Delayed 3 second(s)

03-07-2024T11:50:07 - [TEST_STEP][PASSED] - b = "Home page/username": null

03-07-2024T11:50:07 - [TEST_STEP][PASSED] - setText(findTestObject(b), "aldo"): Text 'aldo' is set on object 'Object Repository/Home page/username'

03-07-2024T11:50:08 - [MESSAGE][PASSED] - Text 'aldo' is set on object 'Object Repository/Home page/username'

03-07-2024T11:50:08 - [TEST_STEP][PASSED] - delay(3): Delayed 3 second(s)

03-07-2024T11:50:11 - [MESSAGE][PASSED] - Delayed 3 second(s)

03-07-2024T11:50:11 - [TEST_STEP][PASSED] - c = "Home page/Passw": null

03-07-2024T11:50:11 - [TEST_STEP][PASSED] - setEncryptedText(findTestObject(c), "TRrAuhBZTmGN3YbeoZ5Gng=="): Text ****** has been set on object 'Object Repository/Home page/Passw'

03-07-2024T11:50:11 - [MESSAGE][PASSED] - Text ****** has been set on object 'Object Repository/Home page/Passw'

03-07-2024T11:50:11 - [TEST_STEP][PASSED] - delay(3): Delayed 3 second(s)

03-07-2024T11:50:14 - [MESSAGE][PASSED] - Delayed 3 second(s)

03-07-2024T11:50:14 - [TEST_STEP][PASSED] - click(findTestObject("Home page/Buton login")): Object: 'Object Repository/Home page/Buton login' is clicked on

03-07-2024T11:50:15 - [MESSAGE][PASSED] - Object: 'Object Repository/Home page/Buton login' is clicked on

03-07-2024T11:50:15 - [TEST_STEP][PASSED] - takeScreenshotAsCheckpoint("login berhasil", STOP_ON_FAILURE): Taking screenshot successfully

03-07-2024T11:50:32 - [MESSAGE][INFO] - 0 hidden object(s)

03-07-2024T11:50:32 - [MESSAGE][PASSED] - Taking screenshot successfully
[[ATTACHMENT|keyes\keyes-login berhasil.png]]]]></system-out>
         <system-err><![CDATA[]]></system-err>
      </testcase>
      <testcase name="Test Cases/Login/Logot" time="16.875" classname="Test Cases/Login/Logot" status="PASSED">
         <system-out><![CDATA[03-07-2024T11:50:32 - [TEST_CASE][PASSED] - Test Cases/Login/Logot: Test Cases/Login/Logot

03-07-2024T11:50:32 - [TEST_STEP][PASSED] - click(findTestObject("Logout/logot")): Object: 'Object Repository/Logout/logot' is clicked on

03-07-2024T11:50:32 - [MESSAGE][PASSED] - Object: 'Object Repository/Logout/logot' is clicked on

03-07-2024T11:50:32 - [TEST_STEP][PASSED] - takeScreenshotAsCheckpoint("menampilkan warning alert "): Taking screenshot successfully

03-07-2024T11:50:35 - [MESSAGE][INFO] - 0 hidden object(s)

03-07-2024T11:50:35 - [MESSAGE][PASSED] - Taking screenshot successfully
[[ATTACHMENT|keyes\keyes-menampilkan warning alert.png]]

03-07-2024T11:50:35 - [TEST_STEP][PASSED] - click(findTestObject("Logout/button yes")): Object: 'Object Repository/Logout/button yes' is clicked on

03-07-2024T11:50:35 - [MESSAGE][PASSED] - Object: 'Object Repository/Logout/button yes' is clicked on

03-07-2024T11:50:35 - [TEST_STEP][PASSED] - takeScreenshotAsCheckpoint("kembali ke halaman login"): Taking screenshot successfully

03-07-2024T11:50:49 - [MESSAGE][INFO] - 0 hidden object(s)

03-07-2024T11:50:49 - [MESSAGE][PASSED] - Taking screenshot successfully
[[ATTACHMENT|keyes\keyes-kembali ke halaman login.png]]]]></system-out>
         <system-err><![CDATA[]]></system-err>
      </testcase>
      <system-out><![CDATA[03-07-2024T11:49:53 - [TEST_SUITE][PASSED] - login logout yes: Test Cases/Login/Logot]]></system-out>
      <system-err><![CDATA[]]></system-err>
   </testsuite>
</testsuites>
