<?xml version="1.0" encoding="UTF-8"?>
<testsuites name="Master branch" time="30.037" tests="2" failures="0" errors="0">
   <testsuite name="Master branch" tests="2" failures="0" errors="0" time="30.037" skipped="0" timestamp="10-07-2024T09:43:17" hostname="0725 - DESKTOP-09GUU8E" id="Test Suites/Master branch">
      <properties>
         <property name="deviceName" value=""/>
         <property name="devicePlatform"/>
         <property name="logFolder" value="C:\\Users\\0725\\git\\Sertificate-v2\\Reports\\20240710_094117\\Master branch\\20240710_094134"/>
         <property name="logFiles" value="C:\\Users\\0725\\git\\Sertificate-v2\\Reports\\20240710_094117\\Master branch\\20240710_094134\\execution0.log"/>
         <property name="attachments" value="keyes\keyes-login berhasil.png, keyes\keyes-menampilkan halaman branch.png, keyes\keyes-menampilkan pencarian yang di cari.png"/>
         <property name="hostName" value="0725 - DESKTOP-09GUU8E"/>
         <property name="os" value="Windows 10 64bit"/>
         <property name="katalonVersion" value="9.6.0.217"/>
         <property name="browser" value="Chrome 126.0.0.0"/>
         <property name="hostAddress" value="192.168.185.2"/>
         <property name="sessionId" value="c8fafeba12e511116ebef5dbfed7d64d"/>
         <property name="seleniumVersion" value="3.141.59"/>
         <property name="proxyInformation" value="ProxyInformation { proxyOption=NO_PROXY, proxyServerType=HTTP, username=, password=********, proxyServerAddress=, proxyServerPort=0, executionList=&quot;&quot;, isApplyToDesiredCapabilities=true }"/>
         <property name="platform" value="Windows 10"/>
      </properties>
      <testcase name="Test Cases/Login/Log" time="23.19" classname="Test Cases/Login/Log" status="PASSED">
         <system-out><![CDATA[10-07-2024T09:43:17 - [TEST_CASE][PASSED] - Test Cases/Login/Log: Test Cases/Login/Log

10-07-2024T09:43:17 - [TEST_STEP][PASSED] - url = "https://gpstqa-new.dipostar.org/dipo/": null

10-07-2024T09:43:17 - [TEST_STEP][PASSED] - openBrowser(url): Browser is opened with url: 'https://gpstqa-new.dipostar.org/dipo/'

10-07-2024T09:43:18 - [MESSAGE][INFO] - Starting 'Chrome' driver

10-07-2024T09:43:18 - [MESSAGE][INFO] - Action delay is set to 0 milliseconds

10-07-2024T09:43:27 - [MESSAGE][PASSED] - Browser is opened with url: 'https://gpstqa-new.dipostar.org/dipo/'

10-07-2024T09:43:27 - [TEST_STEP][PASSED] - maximizeWindow(): Current window maximized

10-07-2024T09:43:27 - [MESSAGE][PASSED] - Current window maximized

10-07-2024T09:43:27 - [TEST_STEP][PASSED] - delay(3): Delayed 3 second(s)

10-07-2024T09:43:30 - [MESSAGE][PASSED] - Delayed 3 second(s)

10-07-2024T09:43:30 - [TEST_STEP][PASSED] - username = "Home page/username": null

10-07-2024T09:43:30 - [TEST_STEP][PASSED] - setText(findTestObject(username), "aldo"): Text 'aldo' is set on object 'Object Repository/Home page/username'

10-07-2024T09:43:31 - [MESSAGE][PASSED] - Text 'aldo' is set on object 'Object Repository/Home page/username'

10-07-2024T09:43:31 - [TEST_STEP][PASSED] - delay(3): Delayed 3 second(s)

10-07-2024T09:43:34 - [MESSAGE][PASSED] - Delayed 3 second(s)

10-07-2024T09:43:34 - [TEST_STEP][PASSED] - password = "Home page/Passw": null

10-07-2024T09:43:34 - [TEST_STEP][PASSED] - setText(findTestObject(password), "indocyber"): Text 'indocyber' is set on object 'Object Repository/Home page/Passw'

10-07-2024T09:43:34 - [MESSAGE][PASSED] - Text 'indocyber' is set on object 'Object Repository/Home page/Passw'

10-07-2024T09:43:34 - [TEST_STEP][PASSED] - click(findTestObject("Home page/Buton login")): Object: 'Object Repository/Home page/Buton login' is clicked on

10-07-2024T09:43:34 - [MESSAGE][PASSED] - Object: 'Object Repository/Home page/Buton login' is clicked on

10-07-2024T09:43:34 - [TEST_STEP][PASSED] - takeScreenshotAsCheckpoint("login berhasil"): Taking screenshot successfully

10-07-2024T09:43:40 - [MESSAGE][INFO] - 0 hidden object(s)

10-07-2024T09:43:40 - [MESSAGE][PASSED] - Taking screenshot successfully
[[ATTACHMENT|keyes\keyes-login berhasil.png]]]]></system-out>
         <system-err><![CDATA[]]></system-err>
      </testcase>
      <testcase name="Test Cases/Master/Branchh" time="6.636" classname="Test Cases/Master/Branchh" status="PASSED">
         <system-out><![CDATA[10-07-2024T09:43:40 - [TEST_CASE][PASSED] - Test Cases/Master/Branchh: Test Cases/Master/Branchh

10-07-2024T09:43:40 - [TEST_STEP][PASSED] - click(findTestObject("Menu/Masterrr")): Object: 'Object Repository/Menu/Masterrr' is clicked on

10-07-2024T09:43:41 - [MESSAGE][PASSED] - Object: 'Object Repository/Menu/Masterrr' is clicked on

10-07-2024T09:43:41 - [TEST_STEP][PASSED] - click(findTestObject("Branch/Button branch")): Object: 'Object Repository/Branch/Button branch' is clicked on

10-07-2024T09:43:41 - [MESSAGE][PASSED] - Object: 'Object Repository/Branch/Button branch' is clicked on

10-07-2024T09:43:41 - [TEST_STEP][PASSED] - takeScreenshotAsCheckpoint("menampilkan halaman branch"): Taking screenshot successfully

10-07-2024T09:43:44 - [MESSAGE][INFO] - 0 hidden object(s)

10-07-2024T09:43:44 - [MESSAGE][PASSED] - Taking screenshot successfully
[[ATTACHMENT|keyes\keyes-menampilkan halaman branch.png]]

10-07-2024T09:43:44 - [TEST_STEP][PASSED] - setText(findTestObject("Branch/Text search"), "Bandung"): Text 'Bandung' is set on object 'Object Repository/Branch/Text search'

10-07-2024T09:43:45 - [MESSAGE][PASSED] - Text 'Bandung' is set on object 'Object Repository/Branch/Text search'

10-07-2024T09:43:45 - [TEST_STEP][PASSED] - click(findTestObject("Branch/Button search")): Object: 'Object Repository/Branch/Button search' is clicked on

10-07-2024T09:43:45 - [MESSAGE][PASSED] - Object: 'Object Repository/Branch/Button search' is clicked on

10-07-2024T09:43:45 - [TEST_STEP][PASSED] - takeScreenshotAsCheckpoint("menampilkan pencarian yang di cari"): Taking screenshot successfully

10-07-2024T09:43:47 - [MESSAGE][INFO] - 0 hidden object(s)

10-07-2024T09:43:47 - [MESSAGE][PASSED] - Taking screenshot successfully
[[ATTACHMENT|keyes\keyes-menampilkan pencarian yang di cari.png]]]]></system-out>
         <system-err><![CDATA[]]></system-err>
      </testcase>
      <system-out><![CDATA[10-07-2024T09:43:17 - [TEST_SUITE][PASSED] - Master branch: Test Cases/Master/Branchh]]></system-out>
      <system-err><![CDATA[]]></system-err>
   </testsuite>
</testsuites>
