<?xml version="1.0" encoding="UTF-8"?>
<testsuites name="Master branch" time="29.302" tests="2" failures="0" errors="0">
   <testsuite name="Master branch" tests="2" failures="0" errors="0" time="29.302" skipped="0" timestamp="09-07-2024T09:43:12" hostname="0725 - DESKTOP-09GUU8E" id="Test Suites/Master branch">
      <properties>
         <property name="deviceName" value=""/>
         <property name="devicePlatform"/>
         <property name="logFolder" value="C:\\Users\\0725\\git\\Sertificate-v2\\Reports\\20240709_094307\\Master branch\\20240709_094307"/>
         <property name="logFiles" value="C:\\Users\\0725\\git\\Sertificate-v2\\Reports\\20240709_094307\\Master branch\\20240709_094307\\execution0.log"/>
         <property name="attachments" value="keyes\keyes-login berhasil.png, keyes\keyes-menampilkan halaman branch.png, keyes\keyes-menampilkan pencarian yang di cari.png"/>
         <property name="hostName" value="0725 - DESKTOP-09GUU8E"/>
         <property name="os" value="Windows 10 64bit"/>
         <property name="katalonVersion" value="9.6.0.217"/>
         <property name="browser" value="Chrome 126.0.0.0"/>
         <property name="hostAddress" value="192.168.10.113"/>
         <property name="sessionId" value="dfa363d323de557b81e2a0702ead3c79"/>
         <property name="seleniumVersion" value="3.141.59"/>
         <property name="proxyInformation" value="ProxyInformation { proxyOption=NO_PROXY, proxyServerType=HTTP, username=, password=********, proxyServerAddress=, proxyServerPort=0, executionList=&quot;&quot;, isApplyToDesiredCapabilities=true }"/>
         <property name="platform" value="Windows 10"/>
      </properties>
      <testcase name="Test Cases/Login/Log" time="22.515" classname="Test Cases/Login/Log" status="PASSED">
         <system-out><![CDATA[09-07-2024T09:43:12 - [TEST_CASE][PASSED] - Test Cases/Login/Log: Test Cases/Login/Log

09-07-2024T09:43:13 - [TEST_STEP][PASSED] - url = "https://gpstqa-new.dipostar.org/dipo/": null

09-07-2024T09:43:13 - [TEST_STEP][PASSED] - openBrowser(url): Browser is opened with url: 'https://gpstqa-new.dipostar.org/dipo/'

09-07-2024T09:43:13 - [MESSAGE][INFO] - Starting 'Chrome' driver

09-07-2024T09:43:13 - [MESSAGE][INFO] - Action delay is set to 0 milliseconds

09-07-2024T09:43:20 - [MESSAGE][PASSED] - Browser is opened with url: 'https://gpstqa-new.dipostar.org/dipo/'

09-07-2024T09:43:20 - [TEST_STEP][PASSED] - maximizeWindow(): Current window maximized

09-07-2024T09:43:20 - [MESSAGE][PASSED] - Current window maximized

09-07-2024T09:43:20 - [TEST_STEP][PASSED] - delay(3): Delayed 3 second(s)

09-07-2024T09:43:23 - [MESSAGE][PASSED] - Delayed 3 second(s)

09-07-2024T09:43:23 - [TEST_STEP][PASSED] - username = "Home page/username": null

09-07-2024T09:43:23 - [TEST_STEP][PASSED] - setText(findTestObject(username), "aldo"): Text 'aldo' is set on object 'Object Repository/Home page/username'

09-07-2024T09:43:23 - [MESSAGE][PASSED] - Text 'aldo' is set on object 'Object Repository/Home page/username'

09-07-2024T09:43:23 - [TEST_STEP][PASSED] - delay(3): Delayed 3 second(s)

09-07-2024T09:43:26 - [MESSAGE][PASSED] - Delayed 3 second(s)

09-07-2024T09:43:26 - [TEST_STEP][PASSED] - password = "Home page/Passw": null

09-07-2024T09:43:26 - [TEST_STEP][PASSED] - setText(findTestObject(password), "indocyber"): Text 'indocyber' is set on object 'Object Repository/Home page/Passw'

09-07-2024T09:43:27 - [MESSAGE][PASSED] - Text 'indocyber' is set on object 'Object Repository/Home page/Passw'

09-07-2024T09:43:27 - [TEST_STEP][PASSED] - click(findTestObject("Home page/Buton login")): Object: 'Object Repository/Home page/Buton login' is clicked on

09-07-2024T09:43:27 - [MESSAGE][PASSED] - Object: 'Object Repository/Home page/Buton login' is clicked on

09-07-2024T09:43:27 - [TEST_STEP][PASSED] - takeScreenshotAsCheckpoint("login berhasil"): Taking screenshot successfully

09-07-2024T09:43:35 - [MESSAGE][INFO] - 0 hidden object(s)

09-07-2024T09:43:35 - [MESSAGE][PASSED] - Taking screenshot successfully
[[ATTACHMENT|keyes\keyes-login berhasil.png]]]]></system-out>
         <system-err><![CDATA[]]></system-err>
      </testcase>
      <testcase name="Test Cases/Master/Branchh" time="6.59" classname="Test Cases/Master/Branchh" status="PASSED">
         <system-out><![CDATA[09-07-2024T09:43:35 - [TEST_CASE][PASSED] - Test Cases/Master/Branchh: Test Cases/Master/Branchh

09-07-2024T09:43:35 - [TEST_STEP][PASSED] - click(findTestObject("Menu/Masterrr")): Object: 'Object Repository/Menu/Masterrr' is clicked on

09-07-2024T09:43:35 - [MESSAGE][PASSED] - Object: 'Object Repository/Menu/Masterrr' is clicked on

09-07-2024T09:43:35 - [TEST_STEP][PASSED] - click(findTestObject("Branch/Button branch")): Object: 'Object Repository/Branch/Button branch' is clicked on

09-07-2024T09:43:36 - [MESSAGE][PASSED] - Object: 'Object Repository/Branch/Button branch' is clicked on

09-07-2024T09:43:36 - [TEST_STEP][PASSED] - takeScreenshotAsCheckpoint("menampilkan halaman branch"): Taking screenshot successfully

09-07-2024T09:43:39 - [MESSAGE][INFO] - 0 hidden object(s)

09-07-2024T09:43:39 - [MESSAGE][PASSED] - Taking screenshot successfully
[[ATTACHMENT|keyes\keyes-menampilkan halaman branch.png]]

09-07-2024T09:43:39 - [TEST_STEP][PASSED] - setText(findTestObject("Branch/Text search"), "Bandung"): Text 'Bandung' is set on object 'Object Repository/Branch/Text search'

09-07-2024T09:43:39 - [MESSAGE][PASSED] - Text 'Bandung' is set on object 'Object Repository/Branch/Text search'

09-07-2024T09:43:39 - [TEST_STEP][PASSED] - click(findTestObject("Branch/Button search")): Object: 'Object Repository/Branch/Button search' is clicked on

09-07-2024T09:43:40 - [MESSAGE][PASSED] - Object: 'Object Repository/Branch/Button search' is clicked on

09-07-2024T09:43:40 - [TEST_STEP][PASSED] - takeScreenshotAsCheckpoint("menampilkan pencarian yang di cari"): Taking screenshot successfully

09-07-2024T09:43:41 - [MESSAGE][INFO] - 0 hidden object(s)

09-07-2024T09:43:41 - [MESSAGE][PASSED] - Taking screenshot successfully
[[ATTACHMENT|keyes\keyes-menampilkan pencarian yang di cari.png]]]]></system-out>
         <system-err><![CDATA[]]></system-err>
      </testcase>
      <system-out><![CDATA[09-07-2024T09:43:12 - [TEST_SUITE][PASSED] - Master branch: Test Cases/Master/Branchh]]></system-out>
      <system-err><![CDATA[]]></system-err>
   </testsuite>
</testsuites>
