<?xml version="1.0" encoding="UTF-8"?>
<testsuites name="Master aplication roles" time="27.912" tests="2" failures="0" errors="0">
   <testsuite name="Master aplication roles" tests="2" failures="0" errors="0" time="27.912" skipped="0" timestamp="05-07-2024T15:21:33" hostname="0725 - DESKTOP-09GUU8E" id="Test Suites/Master aplication roles">
      <properties>
         <property name="deviceName" value=""/>
         <property name="devicePlatform"/>
         <property name="logFolder" value="C:\\Users\\0725\\git\\Sertificate-v2\\Reports\\20240705_152129\\Master aplication roles\\20240705_152129"/>
         <property name="logFiles" value="C:\\Users\\0725\\git\\Sertificate-v2\\Reports\\20240705_152129\\Master aplication roles\\20240705_152129\\execution0.log"/>
         <property name="attachments" value="keyes\keyes-login berhasil.png, keyes\keyes-menampilkan halaman aplication rules.png, keyes\keyes-menampilkan pencarian yang dicari.png"/>
         <property name="hostName" value="0725 - DESKTOP-09GUU8E"/>
         <property name="os" value="Windows 10 64bit"/>
         <property name="katalonVersion" value="9.6.0.217"/>
         <property name="browser" value="Chrome 126.0.0.0"/>
         <property name="hostAddress" value="192.168.10.92"/>
         <property name="sessionId" value="afead589679a8db0f4d1567d779d165e"/>
         <property name="seleniumVersion" value="3.141.59"/>
         <property name="proxyInformation" value="ProxyInformation { proxyOption=NO_PROXY, proxyServerType=HTTP, username=, password=********, proxyServerAddress=, proxyServerPort=0, executionList=&quot;&quot;, isApplyToDesiredCapabilities=true }"/>
         <property name="platform" value="Windows 10"/>
      </properties>
      <testcase name="Test Cases/Login/Log" time="21.389" classname="Test Cases/Login/Log" status="PASSED">
         <system-out><![CDATA[05-07-2024T15:21:33 - [TEST_CASE][PASSED] - Test Cases/Login/Log: Test Cases/Login/Log

05-07-2024T15:21:34 - [TEST_STEP][PASSED] - url = "https://gpstqa-new.dipostar.org/dipo/": null

05-07-2024T15:21:34 - [TEST_STEP][PASSED] - openBrowser(url): Browser is opened with url: 'https://gpstqa-new.dipostar.org/dipo/'

05-07-2024T15:21:34 - [MESSAGE][INFO] - Starting 'Chrome' driver

05-07-2024T15:21:34 - [MESSAGE][INFO] - Action delay is set to 0 milliseconds

05-07-2024T15:21:41 - [MESSAGE][PASSED] - Browser is opened with url: 'https://gpstqa-new.dipostar.org/dipo/'

05-07-2024T15:21:41 - [TEST_STEP][PASSED] - maximizeWindow(): Current window maximized

05-07-2024T15:21:41 - [MESSAGE][PASSED] - Current window maximized

05-07-2024T15:21:41 - [TEST_STEP][PASSED] - delay(3): Delayed 3 second(s)

05-07-2024T15:21:44 - [MESSAGE][PASSED] - Delayed 3 second(s)

05-07-2024T15:21:44 - [TEST_STEP][PASSED] - username = "Home page/username": null

05-07-2024T15:21:44 - [TEST_STEP][PASSED] - setText(findTestObject(username), "aldo"): Text 'aldo' is set on object 'Object Repository/Home page/username'

05-07-2024T15:21:45 - [MESSAGE][PASSED] - Text 'aldo' is set on object 'Object Repository/Home page/username'

05-07-2024T15:21:45 - [TEST_STEP][PASSED] - delay(3): Delayed 3 second(s)

05-07-2024T15:21:48 - [MESSAGE][PASSED] - Delayed 3 second(s)

05-07-2024T15:21:48 - [TEST_STEP][PASSED] - password = "Home page/Passw": null

05-07-2024T15:21:48 - [TEST_STEP][PASSED] - setText(findTestObject(password), "indocyber"): Text 'indocyber' is set on object 'Object Repository/Home page/Passw'

05-07-2024T15:21:48 - [MESSAGE][PASSED] - Text 'indocyber' is set on object 'Object Repository/Home page/Passw'

05-07-2024T15:21:48 - [TEST_STEP][PASSED] - click(findTestObject("Home page/Buton login")): Object: 'Object Repository/Home page/Buton login' is clicked on

05-07-2024T15:21:49 - [MESSAGE][PASSED] - Object: 'Object Repository/Home page/Buton login' is clicked on

05-07-2024T15:21:49 - [TEST_STEP][PASSED] - takeScreenshotAsCheckpoint("login berhasil"): Taking screenshot successfully

05-07-2024T15:21:54 - [MESSAGE][INFO] - 0 hidden object(s)

05-07-2024T15:21:54 - [MESSAGE][PASSED] - Taking screenshot successfully
[[ATTACHMENT|keyes\keyes-login berhasil.png]]]]></system-out>
         <system-err><![CDATA[]]></system-err>
      </testcase>
      <testcase name="Test Cases/Master/Aplication roles" time="6.348" classname="Test Cases/Master/Aplication roles" status="PASSED">
         <system-out><![CDATA[05-07-2024T15:21:55 - [TEST_CASE][PASSED] - Test Cases/Master/Aplication roles: Test Cases/Master/Aplication roles

05-07-2024T15:21:55 - [TEST_STEP][PASSED] - click(findTestObject("Menu/Masterrr")): Object: 'Object Repository/Menu/Masterrr' is clicked on

05-07-2024T15:21:55 - [MESSAGE][PASSED] - Object: 'Object Repository/Menu/Masterrr' is clicked on

05-07-2024T15:21:55 - [TEST_STEP][PASSED] - click(findTestObject("Aplication rules/Button Aplication roles")): Object: 'Object Repository/Aplication rules/Button Aplication roles' is clicked on

05-07-2024T15:21:55 - [MESSAGE][PASSED] - Object: 'Object Repository/Aplication rules/Button Aplication roles' is clicked on

05-07-2024T15:21:55 - [TEST_STEP][PASSED] - takeScreenshotAsCheckpoint("menampilkan halaman aplication rules"): Taking screenshot successfully

05-07-2024T15:21:58 - [MESSAGE][INFO] - 0 hidden object(s)

05-07-2024T15:21:58 - [MESSAGE][PASSED] - Taking screenshot successfully
[[ATTACHMENT|keyes\keyes-menampilkan halaman aplication rules.png]]

05-07-2024T15:21:58 - [TEST_STEP][PASSED] - setText(findTestObject("Aplication rules/Text search"), "IT Admin"): Text 'IT Admin' is set on object 'Object Repository/Aplication rules/Text search'

05-07-2024T15:21:59 - [MESSAGE][PASSED] - Text 'IT Admin' is set on object 'Object Repository/Aplication rules/Text search'

05-07-2024T15:21:59 - [TEST_STEP][PASSED] - click(findTestObject("Aplication rules/Button search")): Object: 'Object Repository/Aplication rules/Button search' is clicked on

05-07-2024T15:21:59 - [MESSAGE][PASSED] - Object: 'Object Repository/Aplication rules/Button search' is clicked on

05-07-2024T15:21:59 - [TEST_STEP][PASSED] - takeScreenshotAsCheckpoint("menampilkan pencarian yang dicari"): Taking screenshot successfully

05-07-2024T15:22:01 - [MESSAGE][INFO] - 0 hidden object(s)

05-07-2024T15:22:01 - [MESSAGE][PASSED] - Taking screenshot successfully
[[ATTACHMENT|keyes\keyes-menampilkan pencarian yang dicari.png]]]]></system-out>
         <system-err><![CDATA[]]></system-err>
      </testcase>
      <system-out><![CDATA[05-07-2024T15:21:33 - [TEST_SUITE][PASSED] - Master aplication roles: Test Cases/Master/Aplication roles]]></system-out>
      <system-err><![CDATA[]]></system-err>
   </testsuite>
</testsuites>
