<?xml version="1.0" encoding="UTF-8"?>
<testsuites name="Login logot no" time="36.344" tests="2" failures="0" errors="0">
   <testsuite name="Login logot no" tests="2" failures="0" errors="0" time="36.344" skipped="0" timestamp="03-07-2024T14:51:12" hostname="0725 - DESKTOP-09GUU8E" id="Test Suites/Login logot no">
      <properties>
         <property name="deviceName" value=""/>
         <property name="devicePlatform"/>
         <property name="logFolder" value="C:\\Users\\0725\\Katalon Studio\\Testdevqa\\Reports\\20240703_145104\\Login logot no\\20240703_145105"/>
         <property name="logFiles" value="C:\\Users\\0725\\Katalon Studio\\Testdevqa\\Reports\\20240703_145104\\Login logot no\\20240703_145105\\execution0.log"/>
         <property name="attachments" value="keyes\keyes-login berhasil.png, keyes\keyes-menampilkan warning alert.png"/>
         <property name="hostName" value="0725 - DESKTOP-09GUU8E"/>
         <property name="os" value="Windows 10 64bit"/>
         <property name="katalonVersion" value="9.6.0.217"/>
         <property name="browser" value="Chrome 126.0.0.0"/>
         <property name="hostAddress" value="192.168.10.92"/>
         <property name="sessionId" value="e2a50c4adf6d86a70634eb2f4bf277e3"/>
         <property name="seleniumVersion" value="3.141.59"/>
         <property name="proxyInformation" value="ProxyInformation { proxyOption=NO_PROXY, proxyServerType=HTTP, username=, password=********, proxyServerAddress=, proxyServerPort=0, executionList=&quot;&quot;, isApplyToDesiredCapabilities=true }"/>
         <property name="platform" value="Windows 10"/>
      </properties>
      <testcase name="Test Cases/Login/Log" time="34.166" classname="Test Cases/Login/Log" status="PASSED">
         <system-out><![CDATA[03-07-2024T14:51:12 - [TEST_CASE][PASSED] - Test Cases/Login/Log: Test Cases/Login/Log

03-07-2024T14:51:13 - [TEST_STEP][PASSED] - aurl = "https://gpstqa-new.dipostar.org/dipo/": null

03-07-2024T14:51:13 - [TEST_STEP][PASSED] - openBrowser(aurl): Browser is opened with url: 'https://gpstqa-new.dipostar.org/dipo/'

03-07-2024T14:51:13 - [MESSAGE][INFO] - Starting 'Chrome' driver

03-07-2024T14:51:13 - [MESSAGE][INFO] - Action delay is set to 0 milliseconds

03-07-2024T14:51:21 - [MESSAGE][PASSED] - Browser is opened with url: 'https://gpstqa-new.dipostar.org/dipo/'

03-07-2024T14:51:21 - [TEST_STEP][PASSED] - maximizeWindow(): Current window maximized

03-07-2024T14:51:21 - [MESSAGE][PASSED] - Current window maximized

03-07-2024T14:51:21 - [TEST_STEP][PASSED] - delay(3): Delayed 3 second(s)

03-07-2024T14:51:24 - [MESSAGE][PASSED] - Delayed 3 second(s)

03-07-2024T14:51:24 - [TEST_STEP][PASSED] - b = "Home page/username": null

03-07-2024T14:51:24 - [TEST_STEP][PASSED] - setText(findTestObject(b), "aldo"): Text 'aldo' is set on object 'Object Repository/Home page/username'

03-07-2024T14:51:25 - [MESSAGE][PASSED] - Text 'aldo' is set on object 'Object Repository/Home page/username'

03-07-2024T14:51:25 - [TEST_STEP][PASSED] - delay(3): Delayed 3 second(s)

03-07-2024T14:51:28 - [MESSAGE][PASSED] - Delayed 3 second(s)

03-07-2024T14:51:28 - [TEST_STEP][PASSED] - c = "Home page/Passw": null

03-07-2024T14:51:28 - [TEST_STEP][PASSED] - setEncryptedText(findTestObject(c), "TRrAuhBZTmGN3YbeoZ5Gng=="): Text ****** has been set on object 'Object Repository/Home page/Passw'

03-07-2024T14:51:28 - [MESSAGE][PASSED] - Text ****** has been set on object 'Object Repository/Home page/Passw'

03-07-2024T14:51:28 - [TEST_STEP][PASSED] - delay(3): Delayed 3 second(s)

03-07-2024T14:51:31 - [MESSAGE][PASSED] - Delayed 3 second(s)

03-07-2024T14:51:31 - [TEST_STEP][PASSED] - click(findTestObject("Home page/Buton login")): Object: 'Object Repository/Home page/Buton login' is clicked on

03-07-2024T14:51:32 - [MESSAGE][PASSED] - Object: 'Object Repository/Home page/Buton login' is clicked on

03-07-2024T14:51:32 - [TEST_STEP][PASSED] - takeScreenshotAsCheckpoint("login berhasil", STOP_ON_FAILURE): Taking screenshot successfully

03-07-2024T14:51:46 - [MESSAGE][INFO] - 0 hidden object(s)

03-07-2024T14:51:46 - [MESSAGE][PASSED] - Taking screenshot successfully
[[ATTACHMENT|keyes\keyes-login berhasil.png]]]]></system-out>
         <system-err><![CDATA[]]></system-err>
      </testcase>
      <testcase name="Test Cases/Login/logot no" time="1.996" classname="Test Cases/Login/logot no" status="PASSED">
         <system-out><![CDATA[03-07-2024T14:51:46 - [TEST_CASE][PASSED] - Test Cases/Login/logot no: Test Cases/Login/logot no

03-07-2024T14:51:47 - [TEST_STEP][PASSED] - click(findTestObject("Logout/logot")): Object: 'Object Repository/Logout/logot' is clicked on

03-07-2024T14:51:47 - [MESSAGE][PASSED] - Object: 'Object Repository/Logout/logot' is clicked on

03-07-2024T14:51:47 - [TEST_STEP][PASSED] - takeFullPageScreenshotAsCheckpoint("menampilkan warning alert"): Taking screenshot successfully

03-07-2024T14:51:47 - [MESSAGE][INFO] - 0 hidden object(s)

03-07-2024T14:51:47 - [MESSAGE][PASSED] - Taking screenshot successfully
[[ATTACHMENT|keyes\keyes-menampilkan warning alert.png]]

03-07-2024T14:51:47 - [TEST_STEP][PASSED] - click(findTestObject("Logout/buton no")): Object: 'Object Repository/Logout/buton no' is clicked on

03-07-2024T14:51:48 - [MESSAGE][PASSED] - Object: 'Object Repository/Logout/buton no' is clicked on]]></system-out>
         <system-err><![CDATA[]]></system-err>
      </testcase>
      <system-out><![CDATA[03-07-2024T14:51:12 - [TEST_SUITE][PASSED] - Login logot no: Test Cases/Login/logot no]]></system-out>
      <system-err><![CDATA[]]></system-err>
   </testsuite>
</testsuites>
