<?xml version="1.0" encoding="UTF-8"?>
<testsuites name="login logout yes" time="51.653" tests="2" failures="0" errors="0">
   <testsuite name="login logout yes" tests="2" failures="0" errors="0" time="51.653" skipped="0" timestamp="08-07-2024T11:35:48" hostname="0725 - DESKTOP-09GUU8E.mshome.net" id="Test Suites/login logout yes">
      <properties>
         <property name="deviceName" value=""/>
         <property name="devicePlatform"/>
         <property name="logFolder" value="C:\\Users\\0725\\git\\Sertificate-v2\\Reports\\20240708_113533\\login logout yes\\20240708_113533"/>
         <property name="logFiles" value="C:\\Users\\0725\\git\\Sertificate-v2\\Reports\\20240708_113533\\login logout yes\\20240708_113533\\execution0.log"/>
         <property name="attachments" value="keyes\keyes-login berhasil.png, keyes\keyes-menampilkan warning alert.png, keyes\keyes-kembali ke halaman login.png"/>
         <property name="hostName" value="0725 - DESKTOP-09GUU8E.mshome.net"/>
         <property name="os" value="Windows 10 64bit"/>
         <property name="katalonVersion" value="9.6.0.217"/>
         <property name="browser" value="Chrome 126.0.0.0"/>
         <property name="hostAddress" value="192.168.137.1"/>
         <property name="sessionId" value="993f802469c7b760ee8b16497dbf12ff"/>
         <property name="seleniumVersion" value="3.141.59"/>
         <property name="proxyInformation" value="ProxyInformation { proxyOption=NO_PROXY, proxyServerType=HTTP, username=, password=********, proxyServerAddress=, proxyServerPort=0, executionList=&quot;&quot;, isApplyToDesiredCapabilities=true }"/>
         <property name="platform" value="Windows 10"/>
      </properties>
      <testcase name="Test Cases/Login/Log" time="34.723" classname="Test Cases/Login/Log" status="PASSED">
         <system-out><![CDATA[08-07-2024T11:35:48 - [TEST_CASE][PASSED] - Test Cases/Login/Log: Test Cases/Login/Log

08-07-2024T11:35:48 - [TEST_STEP][PASSED] - url = "https://gpstqa-new.dipostar.org/dipo/": null

08-07-2024T11:35:48 - [TEST_STEP][PASSED] - openBrowser(url): Browser is opened with url: 'https://gpstqa-new.dipostar.org/dipo/'

08-07-2024T11:35:49 - [MESSAGE][INFO] - Starting 'Chrome' driver

08-07-2024T11:35:49 - [MESSAGE][INFO] - Action delay is set to 0 milliseconds

08-07-2024T11:35:59 - [MESSAGE][PASSED] - Browser is opened with url: 'https://gpstqa-new.dipostar.org/dipo/'

08-07-2024T11:35:59 - [TEST_STEP][PASSED] - maximizeWindow(): Current window maximized

08-07-2024T11:35:59 - [MESSAGE][PASSED] - Current window maximized

08-07-2024T11:35:59 - [TEST_STEP][PASSED] - delay(3): Delayed 3 second(s)

08-07-2024T11:36:02 - [MESSAGE][PASSED] - Delayed 3 second(s)

08-07-2024T11:36:02 - [TEST_STEP][PASSED] - username = "Home page/username": null

08-07-2024T11:36:02 - [TEST_STEP][PASSED] - setText(findTestObject(username), "aldo"): Text 'aldo' is set on object 'Object Repository/Home page/username'

08-07-2024T11:36:03 - [MESSAGE][PASSED] - Text 'aldo' is set on object 'Object Repository/Home page/username'

08-07-2024T11:36:03 - [TEST_STEP][PASSED] - delay(3): Delayed 3 second(s)

08-07-2024T11:36:06 - [MESSAGE][PASSED] - Delayed 3 second(s)

08-07-2024T11:36:06 - [TEST_STEP][PASSED] - password = "Home page/Passw": null

08-07-2024T11:36:06 - [TEST_STEP][PASSED] - setText(findTestObject(password), "indocyber"): Text 'indocyber' is set on object 'Object Repository/Home page/Passw'

08-07-2024T11:36:07 - [MESSAGE][PASSED] - Text 'indocyber' is set on object 'Object Repository/Home page/Passw'

08-07-2024T11:36:07 - [TEST_STEP][PASSED] - click(findTestObject("Home page/Buton login")): Object: 'Object Repository/Home page/Buton login' is clicked on

08-07-2024T11:36:07 - [MESSAGE][PASSED] - Object: 'Object Repository/Home page/Buton login' is clicked on

08-07-2024T11:36:07 - [TEST_STEP][PASSED] - takeScreenshotAsCheckpoint("login berhasil"): Taking screenshot successfully

08-07-2024T11:36:23 - [MESSAGE][INFO] - 0 hidden object(s)

08-07-2024T11:36:23 - [MESSAGE][PASSED] - Taking screenshot successfully
[[ATTACHMENT|keyes\keyes-login berhasil.png]]]]></system-out>
         <system-err><![CDATA[]]></system-err>
      </testcase>
      <testcase name="Test Cases/Login/Logot" time="16.761" classname="Test Cases/Login/Logot" status="PASSED">
         <system-out><![CDATA[08-07-2024T11:36:23 - [TEST_CASE][PASSED] - Test Cases/Login/Logot: Test Cases/Login/Logot

08-07-2024T11:36:23 - [TEST_STEP][PASSED] - click(findTestObject("Logout/logot")): Object: 'Object Repository/Logout/logot' is clicked on

08-07-2024T11:36:23 - [MESSAGE][PASSED] - Object: 'Object Repository/Logout/logot' is clicked on

08-07-2024T11:36:23 - [TEST_STEP][PASSED] - takeScreenshotAsCheckpoint("menampilkan warning alert "): Taking screenshot successfully

08-07-2024T11:36:25 - [MESSAGE][INFO] - 0 hidden object(s)

08-07-2024T11:36:26 - [MESSAGE][PASSED] - Taking screenshot successfully
[[ATTACHMENT|keyes\keyes-menampilkan warning alert.png]]

08-07-2024T11:36:26 - [TEST_STEP][PASSED] - click(findTestObject("Logout/button yes")): Object: 'Object Repository/Logout/button yes' is clicked on

08-07-2024T11:36:27 - [MESSAGE][PASSED] - Object: 'Object Repository/Logout/button yes' is clicked on

08-07-2024T11:36:27 - [TEST_STEP][PASSED] - takeScreenshotAsCheckpoint("kembali ke halaman login"): Taking screenshot successfully

08-07-2024T11:36:39 - [MESSAGE][INFO] - 0 hidden object(s)

08-07-2024T11:36:39 - [MESSAGE][PASSED] - Taking screenshot successfully
[[ATTACHMENT|keyes\keyes-kembali ke halaman login.png]]]]></system-out>
         <system-err><![CDATA[]]></system-err>
      </testcase>
      <system-out><![CDATA[08-07-2024T11:35:48 - [TEST_SUITE][PASSED] - login logout yes: Test Cases/Login/Logot]]></system-out>
      <system-err><![CDATA[]]></system-err>
   </testsuite>
</testsuites>
