<?xml version="1.0" encoding="UTF-8"?>
<testsuites name="User profile reset pass" time="36.869" tests="2" failures="0" errors="0">
   <testsuite name="User profile reset pass" tests="2" failures="0" errors="0" time="36.869" skipped="0" timestamp="09-07-2024T14:27:31" hostname="0725 - DESKTOP-09GUU8E" id="Test Suites/User profile reset pass">
      <properties>
         <property name="deviceName" value=""/>
         <property name="devicePlatform"/>
         <property name="logFolder" value="C:\\Users\\0725\\git\\Sertificate-v2\\Reports\\20240709_142437\\User profile reset pass\\20240709_142525"/>
         <property name="logFiles" value="C:\\Users\\0725\\git\\Sertificate-v2\\Reports\\20240709_142437\\User profile reset pass\\20240709_142525\\execution0.log"/>
         <property name="attachments" value="keyes\keyes-login berhasil.png, keyes\keyes-menampilkan pencarian yang dicari.png, keyes\keyes-menampilkan user yang akan di reset pass.png"/>
         <property name="hostName" value="0725 - DESKTOP-09GUU8E"/>
         <property name="os" value="Windows 10 64bit"/>
         <property name="katalonVersion" value="9.6.0.217"/>
         <property name="browser" value="Firefox 127.0"/>
         <property name="hostAddress" value="192.168.185.2"/>
         <property name="sessionId" value="6fba3e16-18c5-4551-a5cd-bb02cec923f0"/>
         <property name="seleniumVersion" value="3.141.59"/>
         <property name="proxyInformation" value="ProxyInformation { proxyOption=NO_PROXY, proxyServerType=HTTP, username=, password=********, proxyServerAddress=, proxyServerPort=0, executionList=&quot;&quot;, isApplyToDesiredCapabilities=true }"/>
         <property name="platform" value="Windows 10"/>
      </properties>
      <testcase name="Test Cases/Login/Log" time="27.756" classname="Test Cases/Login/Log" status="PASSED">
         <system-out><![CDATA[09-07-2024T14:27:31 - [TEST_CASE][PASSED] - Test Cases/Login/Log: Test Cases/Login/Log

09-07-2024T14:27:31 - [TEST_STEP][PASSED] - url = "https://gpstqa-new.dipostar.org/dipo/": null

09-07-2024T14:27:31 - [TEST_STEP][PASSED] - openBrowser(url): Browser is opened with url: 'https://gpstqa-new.dipostar.org/dipo/'

09-07-2024T14:27:32 - [MESSAGE][INFO] - Starting 'Firefox' driver

09-07-2024T14:27:32 - [MESSAGE][INFO] - Action delay is set to 0 milliseconds

09-07-2024T14:27:46 - [MESSAGE][PASSED] - Browser is opened with url: 'https://gpstqa-new.dipostar.org/dipo/'

09-07-2024T14:27:46 - [TEST_STEP][PASSED] - maximizeWindow(): Current window maximized

09-07-2024T14:27:46 - [MESSAGE][PASSED] - Current window maximized

09-07-2024T14:27:46 - [TEST_STEP][PASSED] - delay(3): Delayed 3 second(s)

09-07-2024T14:27:49 - [MESSAGE][PASSED] - Delayed 3 second(s)

09-07-2024T14:27:49 - [TEST_STEP][PASSED] - username = "Home page/username": null

09-07-2024T14:27:49 - [TEST_STEP][PASSED] - setText(findTestObject(username), "aldo"): Text 'aldo' is set on object 'Object Repository/Home page/username'

09-07-2024T14:27:49 - [MESSAGE][PASSED] - Text 'aldo' is set on object 'Object Repository/Home page/username'

09-07-2024T14:27:49 - [TEST_STEP][PASSED] - delay(3): Delayed 3 second(s)

09-07-2024T14:27:52 - [MESSAGE][PASSED] - Delayed 3 second(s)

09-07-2024T14:27:52 - [TEST_STEP][PASSED] - password = "Home page/Passw": null

09-07-2024T14:27:52 - [TEST_STEP][PASSED] - setText(findTestObject(password), "indocyber"): Text 'indocyber' is set on object 'Object Repository/Home page/Passw'

09-07-2024T14:27:53 - [MESSAGE][PASSED] - Text 'indocyber' is set on object 'Object Repository/Home page/Passw'

09-07-2024T14:27:53 - [TEST_STEP][PASSED] - click(findTestObject("Home page/Buton login")): Object: 'Object Repository/Home page/Buton login' is clicked on

09-07-2024T14:27:53 - [MESSAGE][PASSED] - Object: 'Object Repository/Home page/Buton login' is clicked on

09-07-2024T14:27:53 - [TEST_STEP][PASSED] - takeScreenshotAsCheckpoint("login berhasil"): Taking screenshot successfully

09-07-2024T14:27:59 - [MESSAGE][INFO] - 0 hidden object(s)

09-07-2024T14:27:59 - [MESSAGE][PASSED] - Taking screenshot successfully
[[ATTACHMENT|keyes\keyes-login berhasil.png]]]]></system-out>
         <system-err><![CDATA[]]></system-err>
      </testcase>
      <testcase name="Test Cases/User profile/Reset passw" time="8.948" classname="Test Cases/User profile/Reset passw" status="PASSED">
         <system-out><![CDATA[09-07-2024T14:27:59 - [TEST_CASE][PASSED] - Test Cases/User profile/Reset passw: Test Cases/User profile/Reset passw

09-07-2024T14:27:59 - [TEST_STEP][PASSED] - click(findTestObject("Reset password/Button reset pass")): Object: 'Object Repository/Reset password/Button reset pass' is clicked on

09-07-2024T14:27:59 - [MESSAGE][PASSED] - Object: 'Object Repository/Reset password/Button reset pass' is clicked on

09-07-2024T14:27:59 - [TEST_STEP][PASSED] - setText(findTestObject("Reset password/Search text"), "kevin qa"): Text 'kevin qa' is set on object 'Object Repository/Reset password/Search text'

09-07-2024T14:28:02 - [MESSAGE][PASSED] - Text 'kevin qa' is set on object 'Object Repository/Reset password/Search text'

09-07-2024T14:28:02 - [TEST_STEP][PASSED] - click(findTestObject("Reset password/Button search")): Object: 'Object Repository/Reset password/Button search' is clicked on

09-07-2024T14:28:03 - [MESSAGE][PASSED] - Object: 'Object Repository/Reset password/Button search' is clicked on

09-07-2024T14:28:03 - [TEST_STEP][PASSED] - takeScreenshotAsCheckpoint("menampilkan pencarian yang dicari"): Taking screenshot successfully

09-07-2024T14:28:04 - [MESSAGE][INFO] - 0 hidden object(s)

09-07-2024T14:28:04 - [MESSAGE][PASSED] - Taking screenshot successfully
[[ATTACHMENT|keyes\keyes-menampilkan pencarian yang dicari.png]]

09-07-2024T14:28:04 - [TEST_STEP][PASSED] - click(findTestObject("Reset password/Button image ress")): Object: 'Object Repository/Reset password/Button image ress' is clicked on

09-07-2024T14:28:05 - [MESSAGE][PASSED] - Object: 'Object Repository/Reset password/Button image ress' is clicked on

09-07-2024T14:28:05 - [TEST_STEP][PASSED] - takeScreenshotAsCheckpoint("menampilkan user yang akan di reset pass"): Taking screenshot successfully

09-07-2024T14:28:07 - [MESSAGE][INFO] - 0 hidden object(s)

09-07-2024T14:28:07 - [MESSAGE][PASSED] - Taking screenshot successfully
[[ATTACHMENT|keyes\keyes-menampilkan user yang akan di reset pass.png]]

09-07-2024T14:28:07 - [TEST_STEP][PASSED] - click(findTestObject("Reset password/button close")): Object: 'Object Repository/Reset password/button close' is clicked on

09-07-2024T14:28:08 - [MESSAGE][PASSED] - Object: 'Object Repository/Reset password/button close' is clicked on]]></system-out>
         <system-err><![CDATA[]]></system-err>
      </testcase>
      <system-out><![CDATA[09-07-2024T14:27:31 - [TEST_SUITE][PASSED] - User profile reset pass: Test Cases/User profile/Reset passw]]></system-out>
      <system-err><![CDATA[]]></system-err>
   </testsuite>
</testsuites>
