<?xml version="1.0" encoding="UTF-8"?>
<testsuites name="Field collector" time="29.524" tests="2" failures="0" errors="0">
   <testsuite name="Field collector" tests="2" failures="0" errors="0" time="29.524" skipped="0" timestamp="09-07-2024T09:39:21" hostname="0725 - DESKTOP-09GUU8E" id="Test Suites/Field collector">
      <properties>
         <property name="deviceName" value=""/>
         <property name="devicePlatform"/>
         <property name="logFolder" value="C:\\Users\\0725\\git\\Sertificate-v2\\Reports\\20240709_093914\\Field collector\\20240709_093914"/>
         <property name="logFiles" value="C:\\Users\\0725\\git\\Sertificate-v2\\Reports\\20240709_093914\\Field collector\\20240709_093914\\execution0.log"/>
         <property name="attachments" value="keyes\keyes-login berhasil.png, keyes\keyes-Menampilkan halaman.png"/>
         <property name="hostName" value="0725 - DESKTOP-09GUU8E"/>
         <property name="os" value="Windows 10 64bit"/>
         <property name="katalonVersion" value="9.6.0.217"/>
         <property name="browser" value="Chrome 126.0.0.0"/>
         <property name="hostAddress" value="192.168.10.113"/>
         <property name="sessionId" value="658f4dce58732fb538f09b71d1b72326"/>
         <property name="seleniumVersion" value="3.141.59"/>
         <property name="proxyInformation" value="ProxyInformation { proxyOption=NO_PROXY, proxyServerType=HTTP, username=, password=********, proxyServerAddress=, proxyServerPort=0, executionList=&quot;&quot;, isApplyToDesiredCapabilities=true }"/>
         <property name="platform" value="Windows 10"/>
      </properties>
      <testcase name="Test Cases/Login/Log" time="25.276" classname="Test Cases/Login/Log" status="PASSED">
         <system-out><![CDATA[09-07-2024T09:39:22 - [TEST_CASE][PASSED] - Test Cases/Login/Log: Test Cases/Login/Log

09-07-2024T09:39:22 - [TEST_STEP][PASSED] - url = "https://gpstqa-new.dipostar.org/dipo/": null

09-07-2024T09:39:22 - [TEST_STEP][PASSED] - openBrowser(url): Browser is opened with url: 'https://gpstqa-new.dipostar.org/dipo/'

09-07-2024T09:39:22 - [MESSAGE][INFO] - Starting 'Chrome' driver

09-07-2024T09:39:22 - [MESSAGE][INFO] - Action delay is set to 0 milliseconds

09-07-2024T09:39:32 - [MESSAGE][PASSED] - Browser is opened with url: 'https://gpstqa-new.dipostar.org/dipo/'

09-07-2024T09:39:32 - [TEST_STEP][PASSED] - maximizeWindow(): Current window maximized

09-07-2024T09:39:32 - [MESSAGE][PASSED] - Current window maximized

09-07-2024T09:39:32 - [TEST_STEP][PASSED] - delay(3): Delayed 3 second(s)

09-07-2024T09:39:35 - [MESSAGE][PASSED] - Delayed 3 second(s)

09-07-2024T09:39:35 - [TEST_STEP][PASSED] - username = "Home page/username": null

09-07-2024T09:39:35 - [TEST_STEP][PASSED] - setText(findTestObject(username), "aldo"): Text 'aldo' is set on object 'Object Repository/Home page/username'

09-07-2024T09:39:36 - [MESSAGE][PASSED] - Text 'aldo' is set on object 'Object Repository/Home page/username'

09-07-2024T09:39:36 - [TEST_STEP][PASSED] - delay(3): Delayed 3 second(s)

09-07-2024T09:39:39 - [MESSAGE][PASSED] - Delayed 3 second(s)

09-07-2024T09:39:39 - [TEST_STEP][PASSED] - password = "Home page/Passw": null

09-07-2024T09:39:39 - [TEST_STEP][PASSED] - setText(findTestObject(password), "indocyber"): Text 'indocyber' is set on object 'Object Repository/Home page/Passw'

09-07-2024T09:39:40 - [MESSAGE][PASSED] - Text 'indocyber' is set on object 'Object Repository/Home page/Passw'

09-07-2024T09:39:40 - [TEST_STEP][PASSED] - click(findTestObject("Home page/Buton login")): Object: 'Object Repository/Home page/Buton login' is clicked on

09-07-2024T09:39:40 - [MESSAGE][PASSED] - Object: 'Object Repository/Home page/Buton login' is clicked on

09-07-2024T09:39:40 - [TEST_STEP][PASSED] - takeScreenshotAsCheckpoint("login berhasil"): Taking screenshot successfully

09-07-2024T09:39:47 - [MESSAGE][INFO] - 0 hidden object(s)

09-07-2024T09:39:47 - [MESSAGE][PASSED] - Taking screenshot successfully
[[ATTACHMENT|keyes\keyes-login berhasil.png]]]]></system-out>
         <system-err><![CDATA[]]></system-err>
      </testcase>
      <testcase name="Test Cases/Monitoring field/Field colllectorr" time="4.029" classname="Test Cases/Monitoring field/Field colllectorr" status="PASSED">
         <system-out><![CDATA[09-07-2024T09:39:47 - [TEST_CASE][PASSED] - Test Cases/Monitoring field/Field colllectorr: Test Cases/Monitoring field/Field colllectorr

09-07-2024T09:39:47 - [TEST_STEP][PASSED] - click(findTestObject("Menu/Monitoring field collectorr")): Object: 'Object Repository/Menu/Monitoring field collectorr' is clicked on

09-07-2024T09:39:47 - [MESSAGE][PASSED] - Object: 'Object Repository/Menu/Monitoring field collectorr' is clicked on

09-07-2024T09:39:47 - [TEST_STEP][PASSED] - click(findTestObject("Monitoring field collector move/Button monitoring field")): Object: 'Object Repository/Monitoring field collector move/Button monitoring field' is clicked on

09-07-2024T09:39:48 - [MESSAGE][PASSED] - Object: 'Object Repository/Monitoring field collector move/Button monitoring field' is clicked on

09-07-2024T09:39:48 - [TEST_STEP][PASSED] - takeScreenshotAsCheckpoint("Menampilkan halaman"): Taking screenshot successfully

09-07-2024T09:39:51 - [MESSAGE][INFO] - 0 hidden object(s)

09-07-2024T09:39:51 - [MESSAGE][PASSED] - Taking screenshot successfully
[[ATTACHMENT|keyes\keyes-Menampilkan halaman.png]]]]></system-out>
         <system-err><![CDATA[]]></system-err>
      </testcase>
      <system-out><![CDATA[09-07-2024T09:39:21 - [TEST_SUITE][PASSED] - Field collector: Test Cases/Monitoring field/Field colllectorr]]></system-out>
      <system-err><![CDATA[]]></system-err>
   </testsuite>
</testsuites>
