<?xml version="1.0" encoding="UTF-8"?>
<testsuites name="Datadriven3" time="32.78" tests="1" failures="0" errors="0">
   <testsuite name="Datadriven3" tests="1" failures="0" errors="0" time="32.78" skipped="0" timestamp="08-07-2024T10:03:03" hostname="0725 - DESKTOP-09GUU8E.mshome.net" id="Test Suites/Datadriven3">
      <properties>
         <property name="deviceName" value=""/>
         <property name="devicePlatform"/>
         <property name="logFolder" value="C:\\Users\\0725\\git\\Sertificate-v2\\Reports\\20240708_100255\\Datadriven3\\20240708_100255"/>
         <property name="logFiles" value="C:\\Users\\0725\\git\\Sertificate-v2\\Reports\\20240708_100255\\Datadriven3\\20240708_100255\\execution0.log"/>
         <property name="attachments" value=""/>
         <property name="hostName" value="0725 - DESKTOP-09GUU8E.mshome.net"/>
         <property name="os" value="Windows 10 64bit"/>
         <property name="katalonVersion" value="9.6.0.217"/>
         <property name="browser" value="Chrome 126.0.0.0"/>
         <property name="hostAddress" value="192.168.137.1"/>
         <property name="sessionId" value="60d47e08defb1bd09f1fa419d8ec1cd4"/>
         <property name="seleniumVersion" value="3.141.59"/>
         <property name="proxyInformation" value="ProxyInformation { proxyOption=NO_PROXY, proxyServerType=HTTP, username=, password=********, proxyServerAddress=, proxyServerPort=0, executionList=&quot;&quot;, isApplyToDesiredCapabilities=true }"/>
         <property name="platform" value="Windows 10"/>
      </properties>
      <testcase name="Test Cases/Data driven/Login regional" time="32.343" classname="Test Cases/Data driven/Login regional" status="PASSED">
         <system-out><![CDATA[08-07-2024T10:03:04 - [TEST_CASE][PASSED] - Test Cases/Data driven/Login regional: Test Cases/Data driven/Login regional

08-07-2024T10:03:04 - [TEST_STEP][PASSED] - openBrowser(""): Browser is opened with url: ''

08-07-2024T10:03:05 - [MESSAGE][INFO] - Starting 'Chrome' driver

08-07-2024T10:03:05 - [MESSAGE][INFO] - Action delay is set to 0 milliseconds

08-07-2024T10:03:08 - [MESSAGE][PASSED] - Browser is opened with url: ''

08-07-2024T10:03:08 - [TEST_STEP][PASSED] - navigateToUrl("https://gpstqa-new.dipostar.org/dipo/"): Navigate to 'https://gpstqa-new.dipostar.org/dipo/' successfully

08-07-2024T10:03:15 - [MESSAGE][PASSED] - Navigate to 'https://gpstqa-new.dipostar.org/dipo/' successfully

08-07-2024T10:03:15 - [TEST_STEP][PASSED] - maximizeWindow(): Current window maximized

08-07-2024T10:03:15 - [MESSAGE][PASSED] - Current window maximized

08-07-2024T10:03:15 - [TEST_STEP][PASSED] - delay(5): Delayed 5 second(s)

08-07-2024T10:03:20 - [MESSAGE][PASSED] - Delayed 5 second(s)

08-07-2024T10:03:20 - [TEST_STEP][PASSED] - setText(findTestObject("Home page/username"), username): Text 'aldo' is set on object 'Object Repository/Home page/username'

08-07-2024T10:03:21 - [MESSAGE][PASSED] - Text 'aldo' is set on object 'Object Repository/Home page/username'

08-07-2024T10:03:21 - [TEST_STEP][PASSED] - delay(3): Delayed 3 second(s)

08-07-2024T10:03:24 - [MESSAGE][PASSED] - Delayed 3 second(s)

08-07-2024T10:03:24 - [TEST_STEP][PASSED] - setText(findTestObject("Home page/Passw"), password): Text 'indocyber' is set on object 'Object Repository/Home page/Passw'

08-07-2024T10:03:25 - [MESSAGE][PASSED] - Text 'indocyber' is set on object 'Object Repository/Home page/Passw'

08-07-2024T10:03:25 - [TEST_STEP][PASSED] - delay(5): Delayed 5 second(s)

08-07-2024T10:03:30 - [MESSAGE][PASSED] - Delayed 5 second(s)

08-07-2024T10:03:30 - [TEST_STEP][PASSED] - click(findTestObject("Home page/Buton login")): Object: 'Object Repository/Home page/Buton login' is clicked on

08-07-2024T10:03:30 - [MESSAGE][PASSED] - Object: 'Object Repository/Home page/Buton login' is clicked on

08-07-2024T10:03:30 - [TEST_STEP][PASSED] - click(findTestObject("Menu/Masterrr")): Object: 'Object Repository/Menu/Masterrr' is clicked on

08-07-2024T10:03:35 - [MESSAGE][PASSED] - Object: 'Object Repository/Menu/Masterrr' is clicked on

08-07-2024T10:03:35 - [TEST_STEP][PASSED] - click(findTestObject("Regional/Button regiona")): Object: 'Object Repository/Regional/Button regiona' is clicked on

08-07-2024T10:03:36 - [MESSAGE][PASSED] - Object: 'Object Repository/Regional/Button regiona' is clicked on]]></system-out>
         <system-err><![CDATA[]]></system-err>
      </testcase>
      <system-out><![CDATA[08-07-2024T10:03:03 - [TEST_SUITE][PASSED] - Datadriven3: Test Cases/Data driven/Login regional]]></system-out>
      <system-err><![CDATA[]]></system-err>
   </testsuite>
</testsuites>
