<?xml version="1.0" encoding="UTF-8"?>
<testsuites name="User profile reset pass" time="46.926" tests="2" failures="0" errors="0">
   <testsuite name="User profile reset pass" tests="2" failures="0" errors="0" time="46.926" skipped="0" timestamp="03-07-2024T14:57:11" hostname="0725 - DESKTOP-09GUU8E" id="Test Suites/User profile reset pass">
      <properties>
         <property name="deviceName" value=""/>
         <property name="devicePlatform"/>
         <property name="logFolder" value="C:\\Users\\0725\\Katalon Studio\\Testdevqa\\Reports\\20240703_145614\\User profile reset pass\\20240703_145617"/>
         <property name="logFiles" value="C:\\Users\\0725\\Katalon Studio\\Testdevqa\\Reports\\20240703_145614\\User profile reset pass\\20240703_145617\\execution0.log"/>
         <property name="attachments" value="keyes\keyes-login berhasil.png, keyes\keyes-menampilkan pencarian yang dicari.png, keyes\keyes-menampilkan user yang akan di reset pass.png"/>
         <property name="hostName" value="0725 - DESKTOP-09GUU8E"/>
         <property name="os" value="Windows 10 64bit"/>
         <property name="katalonVersion" value="9.6.0.217"/>
         <property name="browser" value="Chrome 126.0.0.0"/>
         <property name="hostAddress" value="192.168.10.92"/>
         <property name="sessionId" value="c248416b630131138c17ee5c2057f655"/>
         <property name="seleniumVersion" value="3.141.59"/>
         <property name="proxyInformation" value="ProxyInformation { proxyOption=NO_PROXY, proxyServerType=HTTP, username=, password=********, proxyServerAddress=, proxyServerPort=0, executionList=&quot;&quot;, isApplyToDesiredCapabilities=true }"/>
         <property name="platform" value="Windows 10"/>
      </properties>
      <testcase name="Test Cases/Login/Log" time="34.485" classname="Test Cases/Login/Log" status="PASSED">
         <system-out><![CDATA[03-07-2024T14:57:11 - [TEST_CASE][PASSED] - Test Cases/Login/Log: Test Cases/Login/Log

03-07-2024T14:57:11 - [TEST_STEP][PASSED] - aurl = "https://gpstqa-new.dipostar.org/dipo/": null

03-07-2024T14:57:11 - [TEST_STEP][PASSED] - openBrowser(aurl): Browser is opened with url: 'https://gpstqa-new.dipostar.org/dipo/'

03-07-2024T14:57:12 - [MESSAGE][INFO] - Starting 'Chrome' driver

03-07-2024T14:57:12 - [MESSAGE][INFO] - Action delay is set to 0 milliseconds

03-07-2024T14:57:19 - [MESSAGE][PASSED] - Browser is opened with url: 'https://gpstqa-new.dipostar.org/dipo/'

03-07-2024T14:57:19 - [TEST_STEP][PASSED] - maximizeWindow(): Current window maximized

03-07-2024T14:57:19 - [MESSAGE][PASSED] - Current window maximized

03-07-2024T14:57:19 - [TEST_STEP][PASSED] - delay(3): Delayed 3 second(s)

03-07-2024T14:57:22 - [MESSAGE][PASSED] - Delayed 3 second(s)

03-07-2024T14:57:22 - [TEST_STEP][PASSED] - b = "Home page/username": null

03-07-2024T14:57:22 - [TEST_STEP][PASSED] - setText(findTestObject(b), "aldo"): Text 'aldo' is set on object 'Object Repository/Home page/username'

03-07-2024T14:57:23 - [MESSAGE][PASSED] - Text 'aldo' is set on object 'Object Repository/Home page/username'

03-07-2024T14:57:23 - [TEST_STEP][PASSED] - delay(3): Delayed 3 second(s)

03-07-2024T14:57:26 - [MESSAGE][PASSED] - Delayed 3 second(s)

03-07-2024T14:57:26 - [TEST_STEP][PASSED] - c = "Home page/Passw": null

03-07-2024T14:57:26 - [TEST_STEP][PASSED] - setEncryptedText(findTestObject(c), "TRrAuhBZTmGN3YbeoZ5Gng=="): Text ****** has been set on object 'Object Repository/Home page/Passw'

03-07-2024T14:57:27 - [MESSAGE][PASSED] - Text ****** has been set on object 'Object Repository/Home page/Passw'

03-07-2024T14:57:27 - [TEST_STEP][PASSED] - delay(3): Delayed 3 second(s)

03-07-2024T14:57:30 - [MESSAGE][PASSED] - Delayed 3 second(s)

03-07-2024T14:57:30 - [TEST_STEP][PASSED] - click(findTestObject("Home page/Buton login")): Object: 'Object Repository/Home page/Buton login' is clicked on

03-07-2024T14:57:30 - [MESSAGE][PASSED] - Object: 'Object Repository/Home page/Buton login' is clicked on

03-07-2024T14:57:30 - [TEST_STEP][PASSED] - takeScreenshotAsCheckpoint("login berhasil", STOP_ON_FAILURE): Taking screenshot successfully

03-07-2024T14:57:45 - [MESSAGE][INFO] - 0 hidden object(s)

03-07-2024T14:57:45 - [MESSAGE][PASSED] - Taking screenshot successfully
[[ATTACHMENT|keyes\keyes-login berhasil.png]]]]></system-out>
         <system-err><![CDATA[]]></system-err>
      </testcase>
      <testcase name="Test Cases/User profile/Reset passw" time="12.267" classname="Test Cases/User profile/Reset passw" status="PASSED">
         <system-out><![CDATA[03-07-2024T14:57:45 - [TEST_CASE][PASSED] - Test Cases/User profile/Reset passw: Test Cases/User profile/Reset passw

03-07-2024T14:57:46 - [TEST_STEP][PASSED] - click(findTestObject("Reset password/Button reset pass")): Object: 'Object Repository/Reset password/Button reset pass' is clicked on

03-07-2024T14:57:46 - [MESSAGE][PASSED] - Object: 'Object Repository/Reset password/Button reset pass' is clicked on

03-07-2024T14:57:46 - [TEST_STEP][PASSED] - setText(findTestObject("Reset password/Search text"), "kevin qa"): Text 'kevin qa' is set on object 'Object Repository/Reset password/Search text'

03-07-2024T14:57:49 - [MESSAGE][PASSED] - Text 'kevin qa' is set on object 'Object Repository/Reset password/Search text'

03-07-2024T14:57:49 - [TEST_STEP][PASSED] - click(findTestObject("Reset password/Button search")): Object: 'Object Repository/Reset password/Button search' is clicked on

03-07-2024T14:57:50 - [MESSAGE][PASSED] - Object: 'Object Repository/Reset password/Button search' is clicked on

03-07-2024T14:57:50 - [TEST_STEP][PASSED] - takeScreenshotAsCheckpoint("menampilkan pencarian yang dicari"): Taking screenshot successfully

03-07-2024T14:57:51 - [MESSAGE][INFO] - 0 hidden object(s)

03-07-2024T14:57:52 - [MESSAGE][PASSED] - Taking screenshot successfully
[[ATTACHMENT|keyes\keyes-menampilkan pencarian yang dicari.png]]

03-07-2024T14:57:52 - [TEST_STEP][PASSED] - click(findTestObject("Reset password/Button image ress")): Object: 'Object Repository/Reset password/Button image ress' is clicked on

03-07-2024T14:57:53 - [MESSAGE][PASSED] - Object: 'Object Repository/Reset password/Button image ress' is clicked on

03-07-2024T14:57:53 - [TEST_STEP][PASSED] - takeScreenshotAsCheckpoint("menampilkan user yang akan di reset pass"): Taking screenshot successfully

03-07-2024T14:57:57 - [MESSAGE][INFO] - 0 hidden object(s)

03-07-2024T14:57:57 - [MESSAGE][PASSED] - Taking screenshot successfully
[[ATTACHMENT|keyes\keyes-menampilkan user yang akan di reset pass.png]]

03-07-2024T14:57:57 - [TEST_STEP][PASSED] - click(findTestObject("Reset password/button close")): Object: 'Object Repository/Reset password/button close' is clicked on

03-07-2024T14:57:58 - [MESSAGE][PASSED] - Object: 'Object Repository/Reset password/button close' is clicked on]]></system-out>
         <system-err><![CDATA[]]></system-err>
      </testcase>
      <system-out><![CDATA[03-07-2024T14:57:11 - [TEST_SUITE][PASSED] - User profile reset pass: Test Cases/User profile/Reset passw]]></system-out>
      <system-err><![CDATA[]]></system-err>
   </testsuite>
</testsuites>
