<?xml version="1.0" encoding="UTF-8"?>
<testsuites name="User profesional" time="163.095" tests="6" failures="0" errors="0">
   <testsuite name="User prof" tests="2" failures="0" errors="0" time="41.014" skipped="0" timestamp="09-07-2024T14:20:09" hostname="0725 - DESKTOP-09GUU8E" id="Test Suites/User prof">
      <properties>
         <property name="deviceName" value=""/>
         <property name="devicePlatform"/>
         <property name="logFolder" value="C:\\Users\\0725\\git\\Sertificate-v2\\Reports\\20240709_141811\\User prof\\20240709_141827"/>
         <property name="logFiles" value="C:\\Users\\0725\\git\\Sertificate-v2\\Reports\\20240709_141811\\User prof\\20240709_141827\\execution0.log"/>
         <property name="attachments" value="keyes\keyes-login berhasil.png, keyes\keyes-menampilkan hal user management.png"/>
         <property name="hostName" value="0725 - DESKTOP-09GUU8E"/>
         <property name="os" value="Windows 10 64bit"/>
         <property name="katalonVersion" value="9.6.0.217"/>
         <property name="browser" value="Chrome 126.0.0.0"/>
         <property name="hostAddress" value="192.168.185.2"/>
         <property name="sessionId" value="90e0b0a9fd451f7957ac0509af887446"/>
         <property name="seleniumVersion" value="3.141.59"/>
         <property name="proxyInformation" value="ProxyInformation { proxyOption=NO_PROXY, proxyServerType=HTTP, username=, password=********, proxyServerAddress=, proxyServerPort=0, executionList=&quot;&quot;, isApplyToDesiredCapabilities=true }"/>
         <property name="platform" value="Windows 10"/>
      </properties>
      <testcase name="Test Cases/Login/Log" time="34.269" classname="Test Cases/Login/Log" status="PASSED">
         <system-out><![CDATA[09-07-2024T14:20:10 - [TEST_CASE][PASSED] - Test Cases/Login/Log: Test Cases/Login/Log

09-07-2024T14:20:10 - [TEST_STEP][PASSED] - url = "https://gpstqa-new.dipostar.org/dipo/": null

09-07-2024T14:20:10 - [TEST_STEP][PASSED] - openBrowser(url): Browser is opened with url: 'https://gpstqa-new.dipostar.org/dipo/'

09-07-2024T14:20:10 - [MESSAGE][INFO] - Starting 'Chrome' driver

09-07-2024T14:20:10 - [MESSAGE][INFO] - Action delay is set to 0 milliseconds

09-07-2024T14:20:20 - [MESSAGE][PASSED] - Browser is opened with url: 'https://gpstqa-new.dipostar.org/dipo/'

09-07-2024T14:20:20 - [TEST_STEP][PASSED] - maximizeWindow(): Current window maximized

09-07-2024T14:20:21 - [MESSAGE][PASSED] - Current window maximized

09-07-2024T14:20:21 - [TEST_STEP][PASSED] - delay(3): Delayed 3 second(s)

09-07-2024T14:20:24 - [MESSAGE][PASSED] - Delayed 3 second(s)

09-07-2024T14:20:24 - [TEST_STEP][PASSED] - username = "Home page/username": null

09-07-2024T14:20:24 - [TEST_STEP][PASSED] - setText(findTestObject(username), "aldo"): Text 'aldo' is set on object 'Object Repository/Home page/username'

09-07-2024T14:20:24 - [MESSAGE][PASSED] - Text 'aldo' is set on object 'Object Repository/Home page/username'

09-07-2024T14:20:24 - [TEST_STEP][PASSED] - delay(3): Delayed 3 second(s)

09-07-2024T14:20:27 - [MESSAGE][PASSED] - Delayed 3 second(s)

09-07-2024T14:20:27 - [TEST_STEP][PASSED] - password = "Home page/Passw": null

09-07-2024T14:20:27 - [TEST_STEP][PASSED] - setText(findTestObject(password), "indocyber"): Text 'indocyber' is set on object 'Object Repository/Home page/Passw'

09-07-2024T14:20:28 - [MESSAGE][PASSED] - Text 'indocyber' is set on object 'Object Repository/Home page/Passw'

09-07-2024T14:20:28 - [TEST_STEP][PASSED] - click(findTestObject("Home page/Buton login")): Object: 'Object Repository/Home page/Buton login' is clicked on

09-07-2024T14:20:28 - [MESSAGE][PASSED] - Object: 'Object Repository/Home page/Buton login' is clicked on

09-07-2024T14:20:28 - [TEST_STEP][PASSED] - takeScreenshotAsCheckpoint("login berhasil"): Taking screenshot successfully

09-07-2024T14:20:44 - [MESSAGE][INFO] - 0 hidden object(s)

09-07-2024T14:20:44 - [MESSAGE][PASSED] - Taking screenshot successfully
[[ATTACHMENT|keyes\keyes-login berhasil.png]]]]></system-out>
         <system-err><![CDATA[]]></system-err>
      </testcase>
      <testcase name="Test Cases/User profile/User manag" time="6.586" classname="Test Cases/User profile/User manag" status="PASSED">
         <system-out><![CDATA[09-07-2024T14:20:44 - [TEST_CASE][PASSED] - Test Cases/User profile/User manag: Test Cases/User profile/User manag

09-07-2024T14:20:44 - [TEST_STEP][PASSED] - click(findTestObject("usermanagement/User prof")): Object: 'Object Repository/usermanagement/User prof' is clicked on

09-07-2024T14:20:44 - [MESSAGE][PASSED] - Object: 'Object Repository/usermanagement/User prof' is clicked on

09-07-2024T14:20:44 - [TEST_STEP][PASSED] - click(findTestObject("usermanagement/User manag")): Object: 'Object Repository/usermanagement/User manag' is clicked on

09-07-2024T14:20:45 - [MESSAGE][PASSED] - Object: 'Object Repository/usermanagement/User manag' is clicked on

09-07-2024T14:20:45 - [TEST_STEP][PASSED] - setText(findTestObject("usermanagement/Text search"), "kevin"): Text 'kevin' is set on object 'Object Repository/usermanagement/Text search'

09-07-2024T14:20:48 - [MESSAGE][PASSED] - Text 'kevin' is set on object 'Object Repository/usermanagement/Text search'

09-07-2024T14:20:48 - [TEST_STEP][PASSED] - click(findTestObject("usermanagement/button search")): Object: 'Object Repository/usermanagement/button search' is clicked on

09-07-2024T14:20:48 - [MESSAGE][PASSED] - Object: 'Object Repository/usermanagement/button search' is clicked on

09-07-2024T14:20:48 - [TEST_STEP][PASSED] - takeScreenshotAsCheckpoint("menampilkan hal user management"): Taking screenshot successfully

09-07-2024T14:20:50 - [MESSAGE][INFO] - 0 hidden object(s)

09-07-2024T14:20:51 - [MESSAGE][PASSED] - Taking screenshot successfully
[[ATTACHMENT|keyes\keyes-menampilkan hal user management.png]]]]></system-out>
         <system-err><![CDATA[]]></system-err>
      </testcase>
      <system-out><![CDATA[09-07-2024T14:20:09 - [TEST_SUITE][PASSED] - User prof: Test Cases/User profile/User manag]]></system-out>
      <system-err><![CDATA[]]></system-err>
   </testsuite>
   <testsuite name="User profile reset pass" tests="2" failures="0" errors="0" time="47.119" skipped="0" timestamp="09-07-2024T14:21:03" hostname="0725 - DESKTOP-09GUU8E" id="Test Suites/User profile reset pass">
      <properties>
         <property name="deviceName" value=""/>
         <property name="devicePlatform"/>
         <property name="logFolder" value="C:\\Users\\0725\\git\\Sertificate-v2\\Reports\\20240709_141811\\User profile reset pass\\20240709_141859"/>
         <property name="logFiles" value="C:\\Users\\0725\\git\\Sertificate-v2\\Reports\\20240709_141811\\User profile reset pass\\20240709_141859\\execution0.log"/>
         <property name="attachments" value="keyes\keyes-login berhasil.png, keyes\keyes-menampilkan pencarian yang dicari.png, keyes\keyes-menampilkan user yang akan di reset pass.png"/>
         <property name="hostName" value="0725 - DESKTOP-09GUU8E"/>
         <property name="os" value="Windows 10 64bit"/>
         <property name="katalonVersion" value="9.6.0.217"/>
         <property name="browser" value="Chrome 126.0.0.0"/>
         <property name="hostAddress" value="192.168.185.2"/>
         <property name="sessionId" value="9880ba0f498bfbd400633e2eaa5c3968"/>
         <property name="seleniumVersion" value="3.141.59"/>
         <property name="proxyInformation" value="ProxyInformation { proxyOption=NO_PROXY, proxyServerType=HTTP, username=, password=********, proxyServerAddress=, proxyServerPort=0, executionList=&quot;&quot;, isApplyToDesiredCapabilities=true }"/>
         <property name="platform" value="Windows 10"/>
      </properties>
      <testcase name="Test Cases/Login/Log" time="36.153" classname="Test Cases/Login/Log" status="PASSED">
         <system-out><![CDATA[09-07-2024T14:21:03 - [TEST_CASE][PASSED] - Test Cases/Login/Log: Test Cases/Login/Log

09-07-2024T14:21:03 - [TEST_STEP][PASSED] - url = "https://gpstqa-new.dipostar.org/dipo/": null

09-07-2024T14:21:03 - [TEST_STEP][PASSED] - openBrowser(url): Browser is opened with url: 'https://gpstqa-new.dipostar.org/dipo/'

09-07-2024T14:21:04 - [MESSAGE][INFO] - Starting 'Chrome' driver

09-07-2024T14:21:04 - [MESSAGE][INFO] - Action delay is set to 0 milliseconds

09-07-2024T14:21:14 - [MESSAGE][PASSED] - Browser is opened with url: 'https://gpstqa-new.dipostar.org/dipo/'

09-07-2024T14:21:14 - [TEST_STEP][PASSED] - maximizeWindow(): Current window maximized

09-07-2024T14:21:14 - [MESSAGE][PASSED] - Current window maximized

09-07-2024T14:21:14 - [TEST_STEP][PASSED] - delay(3): Delayed 3 second(s)

09-07-2024T14:21:17 - [MESSAGE][PASSED] - Delayed 3 second(s)

09-07-2024T14:21:17 - [TEST_STEP][PASSED] - username = "Home page/username": null

09-07-2024T14:21:17 - [TEST_STEP][PASSED] - setText(findTestObject(username), "aldo"): Text 'aldo' is set on object 'Object Repository/Home page/username'

09-07-2024T14:21:18 - [MESSAGE][PASSED] - Text 'aldo' is set on object 'Object Repository/Home page/username'

09-07-2024T14:21:18 - [TEST_STEP][PASSED] - delay(3): Delayed 3 second(s)

09-07-2024T14:21:21 - [MESSAGE][PASSED] - Delayed 3 second(s)

09-07-2024T14:21:21 - [TEST_STEP][PASSED] - password = "Home page/Passw": null

09-07-2024T14:21:21 - [TEST_STEP][PASSED] - setText(findTestObject(password), "indocyber"): Text 'indocyber' is set on object 'Object Repository/Home page/Passw'

09-07-2024T14:21:22 - [MESSAGE][PASSED] - Text 'indocyber' is set on object 'Object Repository/Home page/Passw'

09-07-2024T14:21:22 - [TEST_STEP][PASSED] - click(findTestObject("Home page/Buton login")): Object: 'Object Repository/Home page/Buton login' is clicked on

09-07-2024T14:21:22 - [MESSAGE][PASSED] - Object: 'Object Repository/Home page/Buton login' is clicked on

09-07-2024T14:21:22 - [TEST_STEP][PASSED] - takeScreenshotAsCheckpoint("login berhasil"): Taking screenshot successfully

09-07-2024T14:21:39 - [MESSAGE][INFO] - 0 hidden object(s)

09-07-2024T14:21:39 - [MESSAGE][PASSED] - Taking screenshot successfully
[[ATTACHMENT|keyes\keyes-login berhasil.png]]]]></system-out>
         <system-err><![CDATA[]]></system-err>
      </testcase>
      <testcase name="Test Cases/User profile/Reset passw" time="10.798" classname="Test Cases/User profile/Reset passw" status="PASSED">
         <system-out><![CDATA[09-07-2024T14:21:39 - [TEST_CASE][PASSED] - Test Cases/User profile/Reset passw: Test Cases/User profile/Reset passw

09-07-2024T14:21:39 - [TEST_STEP][PASSED] - click(findTestObject("Reset password/Button reset pass")): Object: 'Object Repository/Reset password/Button reset pass' is clicked on

09-07-2024T14:21:40 - [MESSAGE][PASSED] - Object: 'Object Repository/Reset password/Button reset pass' is clicked on

09-07-2024T14:21:40 - [TEST_STEP][PASSED] - setText(findTestObject("Reset password/Search text"), "kevin qa"): Text 'kevin qa' is set on object 'Object Repository/Reset password/Search text'

09-07-2024T14:21:43 - [MESSAGE][PASSED] - Text 'kevin qa' is set on object 'Object Repository/Reset password/Search text'

09-07-2024T14:21:43 - [TEST_STEP][PASSED] - click(findTestObject("Reset password/Button search")): Object: 'Object Repository/Reset password/Button search' is clicked on

09-07-2024T14:21:43 - [MESSAGE][PASSED] - Object: 'Object Repository/Reset password/Button search' is clicked on

09-07-2024T14:21:43 - [TEST_STEP][PASSED] - takeScreenshotAsCheckpoint("menampilkan pencarian yang dicari"): Taking screenshot successfully

09-07-2024T14:21:44 - [MESSAGE][INFO] - 0 hidden object(s)

09-07-2024T14:21:45 - [MESSAGE][PASSED] - Taking screenshot successfully
[[ATTACHMENT|keyes\keyes-menampilkan pencarian yang dicari.png]]

09-07-2024T14:21:45 - [TEST_STEP][PASSED] - click(findTestObject("Reset password/Button image ress")): Object: 'Object Repository/Reset password/Button image ress' is clicked on

09-07-2024T14:21:45 - [MESSAGE][PASSED] - Object: 'Object Repository/Reset password/Button image ress' is clicked on

09-07-2024T14:21:45 - [TEST_STEP][PASSED] - takeScreenshotAsCheckpoint("menampilkan user yang akan di reset pass"): Taking screenshot successfully

09-07-2024T14:21:50 - [MESSAGE][INFO] - 0 hidden object(s)

09-07-2024T14:21:50 - [MESSAGE][PASSED] - Taking screenshot successfully
[[ATTACHMENT|keyes\keyes-menampilkan user yang akan di reset pass.png]]

09-07-2024T14:21:50 - [TEST_STEP][PASSED] - click(findTestObject("Reset password/button close")): Object: 'Object Repository/Reset password/button close' is clicked on

09-07-2024T14:21:50 - [MESSAGE][PASSED] - Object: 'Object Repository/Reset password/button close' is clicked on]]></system-out>
         <system-err><![CDATA[]]></system-err>
      </testcase>
      <system-out><![CDATA[09-07-2024T14:21:03 - [TEST_SUITE][PASSED] - User profile reset pass: Test Cases/User profile/Reset passw]]></system-out>
      <system-err><![CDATA[]]></system-err>
   </testsuite>
   <testsuite name="User prof change pass" tests="2" failures="0" errors="0" time="43.858" skipped="0" timestamp="09-07-2024T14:22:02" hostname="0725 - DESKTOP-09GUU8E" id="Test Suites/User prof change pass">
      <properties>
         <property name="deviceName" value=""/>
         <property name="devicePlatform"/>
         <property name="logFolder" value="C:\\Users\\0725\\git\\Sertificate-v2\\Reports\\20240709_141811\\User prof change pass\\20240709_141930"/>
         <property name="logFiles" value="C:\\Users\\0725\\git\\Sertificate-v2\\Reports\\20240709_141811\\User prof change pass\\20240709_141930\\execution0.log"/>
         <property name="attachments" value="keyes\keyes-login berhasil.png, keyes\keyes-menampilkan pergantian pass.png, keyes\keyes-kembali ke halaman change pass.png"/>
         <property name="hostName" value="0725 - DESKTOP-09GUU8E"/>
         <property name="os" value="Windows 10 64bit"/>
         <property name="katalonVersion" value="9.6.0.217"/>
         <property name="browser" value="Chrome 126.0.0.0"/>
         <property name="hostAddress" value="192.168.185.2"/>
         <property name="sessionId" value="9f7802cc9d8d84790742f9ccdfe3af59"/>
         <property name="seleniumVersion" value="3.141.59"/>
         <property name="proxyInformation" value="ProxyInformation { proxyOption=NO_PROXY, proxyServerType=HTTP, username=, password=********, proxyServerAddress=, proxyServerPort=0, executionList=&quot;&quot;, isApplyToDesiredCapabilities=true }"/>
         <property name="platform" value="Windows 10"/>
      </properties>
      <testcase name="Test Cases/Login/Log" time="34.606" classname="Test Cases/Login/Log" status="PASSED">
         <system-out><![CDATA[09-07-2024T14:22:02 - [TEST_CASE][PASSED] - Test Cases/Login/Log: Test Cases/Login/Log

09-07-2024T14:22:02 - [TEST_STEP][PASSED] - url = "https://gpstqa-new.dipostar.org/dipo/": null

09-07-2024T14:22:02 - [TEST_STEP][PASSED] - openBrowser(url): Browser is opened with url: 'https://gpstqa-new.dipostar.org/dipo/'

09-07-2024T14:22:02 - [MESSAGE][INFO] - Starting 'Chrome' driver

09-07-2024T14:22:03 - [MESSAGE][INFO] - Action delay is set to 0 milliseconds

09-07-2024T14:22:13 - [MESSAGE][PASSED] - Browser is opened with url: 'https://gpstqa-new.dipostar.org/dipo/'

09-07-2024T14:22:13 - [TEST_STEP][PASSED] - maximizeWindow(): Current window maximized

09-07-2024T14:22:13 - [MESSAGE][PASSED] - Current window maximized

09-07-2024T14:22:13 - [TEST_STEP][PASSED] - delay(3): Delayed 3 second(s)

09-07-2024T14:22:16 - [MESSAGE][PASSED] - Delayed 3 second(s)

09-07-2024T14:22:16 - [TEST_STEP][PASSED] - username = "Home page/username": null

09-07-2024T14:22:16 - [TEST_STEP][PASSED] - setText(findTestObject(username), "aldo"): Text 'aldo' is set on object 'Object Repository/Home page/username'

09-07-2024T14:22:17 - [MESSAGE][PASSED] - Text 'aldo' is set on object 'Object Repository/Home page/username'

09-07-2024T14:22:17 - [TEST_STEP][PASSED] - delay(3): Delayed 3 second(s)

09-07-2024T14:22:20 - [MESSAGE][PASSED] - Delayed 3 second(s)

09-07-2024T14:22:20 - [TEST_STEP][PASSED] - password = "Home page/Passw": null

09-07-2024T14:22:20 - [TEST_STEP][PASSED] - setText(findTestObject(password), "indocyber"): Text 'indocyber' is set on object 'Object Repository/Home page/Passw'

09-07-2024T14:22:20 - [MESSAGE][PASSED] - Text 'indocyber' is set on object 'Object Repository/Home page/Passw'

09-07-2024T14:22:20 - [TEST_STEP][PASSED] - click(findTestObject("Home page/Buton login")): Object: 'Object Repository/Home page/Buton login' is clicked on

09-07-2024T14:22:21 - [MESSAGE][PASSED] - Object: 'Object Repository/Home page/Buton login' is clicked on

09-07-2024T14:22:21 - [TEST_STEP][PASSED] - takeScreenshotAsCheckpoint("login berhasil"): Taking screenshot successfully

09-07-2024T14:22:36 - [MESSAGE][INFO] - 0 hidden object(s)

09-07-2024T14:22:37 - [MESSAGE][PASSED] - Taking screenshot successfully
[[ATTACHMENT|keyes\keyes-login berhasil.png]]]]></system-out>
         <system-err><![CDATA[]]></system-err>
      </testcase>
      <testcase name="Test Cases/User profile/Change passw" time="9.101" classname="Test Cases/User profile/Change passw" status="PASSED">
         <system-out><![CDATA[09-07-2024T14:22:37 - [TEST_CASE][PASSED] - Test Cases/User profile/Change passw: Test Cases/User profile/Change passw

09-07-2024T14:22:37 - [TEST_STEP][PASSED] - click(findTestObject("Change pass/Button change password")): Object: 'Object Repository/Change pass/Button change password' is clicked on

09-07-2024T14:22:37 - [MESSAGE][PASSED] - Object: 'Object Repository/Change pass/Button change password' is clicked on

09-07-2024T14:22:37 - [TEST_STEP][PASSED] - takeScreenshotAsCheckpoint("menampilkan pergantian pass"): Taking screenshot successfully

09-07-2024T14:22:42 - [MESSAGE][INFO] - 0 hidden object(s)

09-07-2024T14:22:42 - [MESSAGE][PASSED] - Taking screenshot successfully
[[ATTACHMENT|keyes\keyes-menampilkan pergantian pass.png]]

09-07-2024T14:22:42 - [TEST_STEP][PASSED] - setText(findTestObject("Change pass/Text Old pass"), "indocyber"): Text 'indocyber' is set on object 'Object Repository/Change pass/Text Old pass'

09-07-2024T14:22:42 - [MESSAGE][PASSED] - Text 'indocyber' is set on object 'Object Repository/Change pass/Text Old pass'

09-07-2024T14:22:42 - [TEST_STEP][PASSED] - setText(findTestObject("Change pass/Text new pass"), "Indocyber"): Text 'Indocyber' is set on object 'Object Repository/Change pass/Text new pass'

09-07-2024T14:22:43 - [MESSAGE][PASSED] - Text 'Indocyber' is set on object 'Object Repository/Change pass/Text new pass'

09-07-2024T14:22:43 - [TEST_STEP][PASSED] - setText(findTestObject("Change pass/Text confirm new pass"), "Indocyber"): Text 'Indocyber' is set on object 'Object Repository/Change pass/Text confirm new pass'

09-07-2024T14:22:44 - [MESSAGE][PASSED] - Text 'Indocyber' is set on object 'Object Repository/Change pass/Text confirm new pass'

09-07-2024T14:22:44 - [TEST_STEP][PASSED] - click(findTestObject("Change pass/Button closed")): Object: 'Object Repository/Change pass/Button closed' is clicked on

09-07-2024T14:22:44 - [MESSAGE][PASSED] - Object: 'Object Repository/Change pass/Button closed' is clicked on

09-07-2024T14:22:44 - [TEST_STEP][PASSED] - takeScreenshotAsCheckpoint("kembali ke halaman change pass"): Taking screenshot successfully

09-07-2024T14:22:46 - [MESSAGE][INFO] - 0 hidden object(s)

09-07-2024T14:22:46 - [MESSAGE][PASSED] - Taking screenshot successfully
[[ATTACHMENT|keyes\keyes-kembali ke halaman change pass.png]]]]></system-out>
         <system-err><![CDATA[]]></system-err>
      </testcase>
      <system-out><![CDATA[09-07-2024T14:22:02 - [TEST_SUITE][PASSED] - User prof change pass: Test Cases/User profile/Change passw]]></system-out>
      <system-err><![CDATA[]]></system-err>
   </testsuite>
</testsuites>
