<?xml version="1.0" encoding="UTF-8"?>
<testsuites name="login logout yes" time="43.848" tests="2" failures="0" errors="0">
   <testsuite name="login logout yes" tests="2" failures="0" errors="0" time="43.848" skipped="0" timestamp="05-07-2024T10:19:21" hostname="0725 - DESKTOP-09GUU8E" id="Test Suites/login logout yes">
      <properties>
         <property name="deviceName" value=""/>
         <property name="devicePlatform"/>
         <property name="logFolder" value="C:\\Users\\0725\\git\\Sertificate-v2\\Reports\\20240705_101910\\login logout yes\\20240705_101910"/>
         <property name="logFiles" value="C:\\Users\\0725\\git\\Sertificate-v2\\Reports\\20240705_101910\\login logout yes\\20240705_101910\\execution0.log"/>
         <property name="attachments" value="keyes\keyes-login berhasil.png, keyes\keyes-menampilkan warning alert.png, keyes\keyes-kembali ke halaman login.png"/>
         <property name="hostName" value="0725 - DESKTOP-09GUU8E"/>
         <property name="os" value="Windows 10 64bit"/>
         <property name="katalonVersion" value="9.6.0.217"/>
         <property name="browser" value="Chrome 126.0.0.0"/>
         <property name="hostAddress" value="192.168.10.92"/>
         <property name="sessionId" value="4d1ad6d6729f9ba4b7fa61170f6d0d35"/>
         <property name="seleniumVersion" value="3.141.59"/>
         <property name="proxyInformation" value="ProxyInformation { proxyOption=NO_PROXY, proxyServerType=HTTP, username=, password=********, proxyServerAddress=, proxyServerPort=0, executionList=&quot;&quot;, isApplyToDesiredCapabilities=true }"/>
         <property name="platform" value="Windows 10"/>
      </properties>
      <testcase name="Test Cases/Login/Log" time="31.036" classname="Test Cases/Login/Log" status="PASSED">
         <system-out><![CDATA[05-07-2024T10:19:21 - [TEST_CASE][PASSED] - Test Cases/Login/Log: Test Cases/Login/Log

05-07-2024T10:19:22 - [TEST_STEP][PASSED] - url = "https://gpstqa-new.dipostar.org/dipo/": null

05-07-2024T10:19:22 - [TEST_STEP][PASSED] - openBrowser(url): Browser is opened with url: 'https://gpstqa-new.dipostar.org/dipo/'

05-07-2024T10:19:22 - [MESSAGE][INFO] - Starting 'Chrome' driver

05-07-2024T10:19:22 - [MESSAGE][INFO] - Action delay is set to 0 milliseconds

05-07-2024T10:19:35 - [MESSAGE][PASSED] - Browser is opened with url: 'https://gpstqa-new.dipostar.org/dipo/'

05-07-2024T10:19:35 - [TEST_STEP][PASSED] - maximizeWindow(): Current window maximized

05-07-2024T10:19:35 - [MESSAGE][PASSED] - Current window maximized

05-07-2024T10:19:35 - [TEST_STEP][PASSED] - delay(3): Delayed 3 second(s)

05-07-2024T10:19:38 - [MESSAGE][PASSED] - Delayed 3 second(s)

05-07-2024T10:19:38 - [TEST_STEP][PASSED] - username = "Home page/username": null

05-07-2024T10:19:38 - [TEST_STEP][PASSED] - setText(findTestObject(username), "aldo"): Text 'aldo' is set on object 'Object Repository/Home page/username'

05-07-2024T10:19:39 - [MESSAGE][PASSED] - Text 'aldo' is set on object 'Object Repository/Home page/username'

05-07-2024T10:19:39 - [TEST_STEP][PASSED] - delay(3): Delayed 3 second(s)

05-07-2024T10:19:42 - [MESSAGE][PASSED] - Delayed 3 second(s)

05-07-2024T10:19:42 - [TEST_STEP][PASSED] - password = "Home page/Passw": null

05-07-2024T10:19:42 - [TEST_STEP][PASSED] - setEncryptedText(findTestObject(password), "TRrAuhBZTmGN3YbeoZ5Gng=="): Text ****** has been set on object 'Object Repository/Home page/Passw'

05-07-2024T10:19:42 - [MESSAGE][PASSED] - Text ****** has been set on object 'Object Repository/Home page/Passw'

05-07-2024T10:19:42 - [TEST_STEP][PASSED] - delay(3): Delayed 3 second(s)

05-07-2024T10:19:45 - [MESSAGE][PASSED] - Delayed 3 second(s)

05-07-2024T10:19:45 - [TEST_STEP][PASSED] - click(findTestObject("Home page/Buton login")): Object: 'Object Repository/Home page/Buton login' is clicked on

05-07-2024T10:19:46 - [MESSAGE][PASSED] - Object: 'Object Repository/Home page/Buton login' is clicked on

05-07-2024T10:19:46 - [TEST_STEP][PASSED] - takeScreenshotAsCheckpoint("login berhasil", STOP_ON_FAILURE): Taking screenshot successfully

05-07-2024T10:19:52 - [MESSAGE][INFO] - 0 hidden object(s)

05-07-2024T10:19:52 - [MESSAGE][PASSED] - Taking screenshot successfully
[[ATTACHMENT|keyes\keyes-login berhasil.png]]]]></system-out>
         <system-err><![CDATA[]]></system-err>
      </testcase>
      <testcase name="Test Cases/Login/Logot" time="12.609" classname="Test Cases/Login/Logot" status="PASSED">
         <system-out><![CDATA[05-07-2024T10:19:52 - [TEST_CASE][PASSED] - Test Cases/Login/Logot: Test Cases/Login/Logot

05-07-2024T10:19:52 - [TEST_STEP][PASSED] - click(findTestObject("Logout/logot")): Object: 'Object Repository/Logout/logot' is clicked on

05-07-2024T10:19:53 - [MESSAGE][PASSED] - Object: 'Object Repository/Logout/logot' is clicked on

05-07-2024T10:19:53 - [TEST_STEP][PASSED] - takeScreenshotAsCheckpoint("menampilkan warning alert "): Taking screenshot successfully

05-07-2024T10:19:54 - [MESSAGE][INFO] - 0 hidden object(s)

05-07-2024T10:19:54 - [MESSAGE][PASSED] - Taking screenshot successfully
[[ATTACHMENT|keyes\keyes-menampilkan warning alert.png]]

05-07-2024T10:19:54 - [TEST_STEP][PASSED] - click(findTestObject("Logout/button yes")): Object: 'Object Repository/Logout/button yes' is clicked on

05-07-2024T10:19:55 - [MESSAGE][PASSED] - Object: 'Object Repository/Logout/button yes' is clicked on

05-07-2024T10:19:55 - [TEST_STEP][PASSED] - takeScreenshotAsCheckpoint("kembali ke halaman login"): Taking screenshot successfully

05-07-2024T10:20:05 - [MESSAGE][INFO] - 0 hidden object(s)

05-07-2024T10:20:05 - [MESSAGE][PASSED] - Taking screenshot successfully
[[ATTACHMENT|keyes\keyes-kembali ke halaman login.png]]]]></system-out>
         <system-err><![CDATA[]]></system-err>
      </testcase>
      <system-out><![CDATA[05-07-2024T10:19:21 - [TEST_SUITE][PASSED] - login logout yes: Test Cases/Login/Logot]]></system-out>
      <system-err><![CDATA[]]></system-err>
   </testsuite>
</testsuites>
